<?xml version="1.0" encoding="UTF-8"?><testsuite name="nosetests" tests="2" errors="0" failures="1" skip="0"><testcase classname="test_router" name="test_spoofed_arp_reply (with_bindings on single MM)" time="18.458"></testcase><testcase classname="test_router" name="test_spoofed_arp_reply (with_bindings spanning across multiple MMs)" time="1.170"><failure type="exceptions.AssertionError" message="&#10;Expected: Interface [iface='peth100ec0df', vport_id=u'1cba92b6-e7dd-42b2-8b60-e847ac74f247', mac_addr='aa:bb:cc:00:02:02'] SHOULD NOT receive packet with tcpdump by filter='dst host 172.16.2.2 and icmp' within 2 sec&#10;     but: Interface [iface='peth100ec0df', vport_id=u'1cba92b6-e7dd-42b2-8b60-e847ac74f247', mac_addr='aa:bb:cc:00:02:02'] did receive a packet.&#10;&#10;-------------------- &gt;&gt; begin captured logging &lt;&lt; --------------------&#10;2015-07-07 06:45:12,233 api_lib#do_request(62) do_request: uri=http://172.17.0.147:8080/midonet-api/hosts/9fc8b29c-db09-49bb-9855-5e0673a8d427, method=GET&#10;2015-07-07 06:45:12,233 api_lib#do_request(63) do_request: body=None&#10;2015-07-07 06:45:12,233 api_lib#do_request(64) do_request: headers={'Content-Type': 'application/vnd.org.midonet.Host-v2+json', 'Accept': 'application/vnd.org.midonet.Host-v2+json', 'X-Auth-Token': '999888777666'}&#10;2015-07-07 06:45:12,241 api_lib#do_request(79) do_request: response={'status': '200', 'content-length': '409', 'content-location': u'http://172.17.0.147:8080/midonet-api/hosts/9fc8b29c-db09-49bb-9855-5e0673a8d427', 'access-control-expose-headers': 'Location', 'server': 'Apache-Coyote/1.1', 'date': 'Tue, 07 Jul 2015 06:45:12 GMT', 'access-control-allow-origin': '*', 'access-control-allow-methods': 'GET, POST, PUT, DELETE, OPTIONS', 'content-type': 'application/vnd.org.midonet.Host-v2+json'} | content={&quot;id&quot;:&quot;9fc8b29c-db09-49bb-9855-5e0673a8d427&quot;,&quot;name&quot;:&quot;fc54494480eb&quot;,&quot;addresses&quot;:[],&quot;alive&quot;:true,&quot;floodingProxyWeight&quot;:1,&quot;ports&quot;:&quot;http://172.17.0.147:8080/midonet-api/hosts/9fc8b29c-db09-49bb-9855-5e0673a8d427/ports&quot;,&quot;uri&quot;:&quot;http://172.17.0.147:8080/midonet-api/hosts/9fc8b29c-db09-49bb-9855-5e0673a8d427&quot;,&quot;interfaces&quot;:&quot;http://172.17.0.147:8080/midonet-api/hosts/9fc8b29c-db09-49bb-9855-5e0673a8d427/interfaces&quot;}&#10;2015-07-07 06:45:12,242 api_lib#do_request(62) do_request: uri=http://172.17.0.147:8080/midonet-api/hosts/9fc8b29c-db09-49bb-9855-5e0673a8d427/ports, method=GET&#10;2015-07-07 06:45:12,242 api_lib#do_request(63) do_request: body=None&#10;2015-07-07 06:45:12,243 api_lib#do_request(64) do_request: headers={'Accept': 'application/vnd.org.midonet.collection.HostInterfacePort-v1+json', 'X-Auth-Token': '999888777666'}&#10;2015-07-07 06:45:12,252 api_lib#do_request(79) do_request: response={'status': '200', 'content-length': '877', 'content-location': u'http://172.17.0.147:8080/midonet-api/hosts/9fc8b29c-db09-49bb-9855-5e0673a8d427/ports', 'access-control-expose-headers': 'Location', 'server': 'Apache-Coyote/1.1', 'date': 'Tue, 07 Jul 2015 06:45:12 GMT', 'access-control-allow-origin': '*', 'access-control-allow-methods': 'GET, POST, PUT, DELETE, OPTIONS', 'content-type': 'application/vnd.org.midonet.collection.HostInterfacePort-v1+json'} | content=[{&quot;hostId&quot;:&quot;9fc8b29c-db09-49bb-9855-5e0673a8d427&quot;,&quot;portId&quot;:&quot;fe3b006c-d782-419e-a60e-f8ecef4e8f88&quot;,&quot;interfaceName&quot;:&quot;veth4eae2ef8&quot;,&quot;uri&quot;:&quot;http://172.17.0.147:8080/midonet-api/hosts/9fc8b29c-db09-49bb-9855-5e0673a8d427/ports/fe3b006c-d782-419e-a60e-f8ecef4e8f88&quot;,&quot;host&quot;:&quot;http://172.17.0.147:8080/midonet-api/hosts/9fc8b29c-db09-49bb-9855-5e0673a8d427&quot;,&quot;port&quot;:&quot;http://172.17.0.147:8080/midonet-api/ports/fe3b006c-d782-419e-a60e-f8ecef4e8f88&quot;},{&quot;hostId&quot;:&quot;9fc8b29c-db09-49bb-9855-5e0673a8d427&quot;,&quot;portId&quot;:&quot;1cba92b6-e7dd-42b2-8b60-e847ac74f247&quot;,&quot;interfaceName&quot;:&quot;vetha936d771&quot;,&quot;uri&quot;:&quot;http://172.17.0.147:8080/midonet-api/hosts/9fc8b29c-db09-49bb-9855-5e0673a8d427/ports/1cba92b6-e7dd-42b2-8b60-e847ac74f247&quot;,&quot;host&quot;:&quot;http://172.17.0.147:8080/midonet-api/hosts/9fc8b29c-db09-49bb-9855-5e0673a8d427&quot;,&quot;port&quot;:&quot;http://172.17.0.147:8080/midonet-api/ports/1cba92b6-e7dd-42b2-8b60-e847ac74f247&quot;}]&#10;2015-07-07 06:45:12,253 api_lib#do_request(62) do_request: uri=http://172.17.0.147:8080/midonet-api/hosts/9fc8b29c-db09-49bb-9855-5e0673a8d427/ports/fe3b006c-d782-419e-a60e-f8ecef4e8f88, method=DELETE&#10;2015-07-07 06:45:12,253 api_lib#do_request(63) do_request: body=None&#10;2015-07-07 06:45:12,254 api_lib#do_request(64) do_request: headers={'X-Auth-Token': '999888777666'}&#10;2015-07-07 06:45:12,270 api_lib#do_request(79) do_request: response={'status': '204', 'access-control-expose-headers': 'Location', 'server': 'Apache-Coyote/1.1', 'date': 'Tue, 07 Jul 2015 06:45:12 GMT', 'access-control-allow-origin': '*', 'access-control-allow-methods': 'GET, POST, PUT, DELETE, OPTIONS'} | content=&#10;2015-07-07 06:45:12,270 api_lib#do_request(62) do_request: uri=http://172.17.0.147:8080/midonet-api, method=GET&#10;2015-07-07 06:45:12,271 api_lib#do_request(63) do_request: body=None&#10;2015-07-07 06:45:12,271 api_lib#do_request(64) do_request: headers={'Accept': 'application/vnd.org.midonet.Application-v5+json', 'X-Auth-Token': '999888777666'}&#10;2015-07-07 06:45:12,290 api_lib#do_request(79) do_request: response={'status': '200', 'content-length': '2683', 'content-location': 'http://172.17.0.147:8080/midonet-api/', 'access-control-expose-headers': 'Location', 'server': 'Apache-Coyote/1.1', 'date': 'Tue, 07 Jul 2015 06:45:12 GMT', 'access-control-allow-origin': '*', 'access-control-allow-methods': 'GET, POST, PUT, DELETE, OPTIONS', 'content-type': 'application/vnd.org.midonet.Application-v5+json'} | content={&quot;version&quot;:&quot;v1.9&quot;,&quot;ports&quot;:&quot;http://172.17.0.147:8080/midonet-api/ports&quot;,&quot;portTemplate&quot;:&quot;http://172.17.0.147:8080/midonet-api/ports/{id}&quot;,&quot;uri&quot;:&quot;http://172.17.0.147:8080/midonet-api/&quot;,&quot;routers&quot;:&quot;http://172.17.0.147:8080/midonet-api/routers&quot;,&quot;routerTemplate&quot;:&quot;http://172.17.0.147:8080/midonet-api/routers/{id}&quot;,&quot;tenants&quot;:&quot;http://172.17.0.147:8080/midonet-api/tenants&quot;,&quot;writeVersion&quot;:&quot;http://172.17.0.147:8080/midonet-api/write_version&quot;,&quot;neutron&quot;:&quot;http://172.17.0.147:8080/midonet-api/neutron&quot;,&quot;bridges&quot;:&quot;http://172.17.0.147:8080/midonet-api/bridges&quot;,&quot;chains&quot;:&quot;http://172.17.0.147:8080/midonet-api/chains&quot;,&quot;portGroups&quot;:&quot;http://172.17.0.147:8080/midonet-api/port_groups&quot;,&quot;loadBalancers&quot;:&quot;http://172.17.0.147:8080/midonet-api/load_balancers&quot;,&quot;ipAddrGroups&quot;:&quot;http://172.17.0.147:8080/midonet-api/ip_addr_groups&quot;,&quot;vteps&quot;:&quot;http://172.17.0.147:8080/midonet-api/vteps&quot;,&quot;adRouteTemplate&quot;:&quot;http://172.17.0.147:8080/midonet-api/ad_routes/{id}&quot;,&quot;bgpTemplate&quot;:&quot;http://172.17.0.147:8080/midonet-api/bgps/{id}&quot;,&quot;bridgeTemplate&quot;:&quot;http://172.17.0.147:8080/midonet-api/bridges/{id}&quot;,&quot;loadBalancerTemplate&quot;:&quot;http://172.17.0.147:8080/midonet-api/load_balancers/{id}&quot;,&quot;poolMemberTemplate&quot;:&quot;http://172.17.0.147:8080/midonet-api/pool_members/{id}&quot;,&quot;chainTemplate&quot;:&quot;http://172.17.0.147:8080/midonet-api/chains/{id}&quot;,&quot;hostTemplate&quot;:&quot;http://172.17.0.147:8080/midonet-api/hosts/{id}&quot;,&quot;portGroupTemplate&quot;:&quot;http://172.17.0.147:8080/midonet-api/port_groups/{id}&quot;,&quot;ipAddrGroupTemplate&quot;:&quot;http://172.17.0.147:8080/midonet-api/ip_addr_groups/{id}&quot;,&quot;routeTemplate&quot;:&quot;http://172.17.0.147:8080/midonet-api/routes/{id}&quot;,&quot;ruleTemplate&quot;:&quot;http://172.17.0.147:8080/midonet-api/rules/{id}&quot;,&quot;tenantTemplate&quot;:&quot;http://172.17.0.147:8080/midonet-api/tenants/{id}&quot;,&quot;tunnelZoneTemplate&quot;:&quot;http://172.17.0.147:8080/midonet-api/tunnel_zones/{id}&quot;,&quot;vtepTemplate&quot;:&quot;http://172.17.0.147:8080/midonet-api/vteps/{ipAddr}&quot;,&quot;hostVersions&quot;:&quot;http://172.17.0.147:8080/midonet-api/versions&quot;,&quot;traceRequests&quot;:&quot;http://172.17.0.147:8080/midonet-api/traces&quot;,&quot;licenses&quot;:null,&quot;licenseTemplate&quot;:null,&quot;licenseStatus&quot;:null,&quot;healthMonitors&quot;:&quot;http://172.17.0.147:8080/midonet-api/health_monitors&quot;,&quot;vips&quot;:&quot;http://172.17.0.147:8080/midonet-api/vips&quot;,&quot;poolMembers&quot;:&quot;http://172.17.0.147:8080/midonet-api/pool_members&quot;,&quot;hosts&quot;:&quot;http://172.17.0.147:8080/midonet-api/hosts&quot;,&quot;pools&quot;:&quot;http://172.17.0.147:8080/midonet-api/pools&quot;,&quot;systemState&quot;:&quot;http://172.17.0.147:8080/midonet-api/system_state&quot;,&quot;tunnelZones&quot;:&quot;http://172.17.0.147:8080/midonet-api/tunnel_zones&quot;,&quot;healthMonitorTemplate&quot;:&quot;http://172.17.0.147:8080/midonet-api/health_monitors/{id}&quot;,&quot;poolTemplate&quot;:&quot;http://172.17.0.147:8080/midonet-api/pools/{id}&quot;,&quot;vipTemplate&quot;:&quot;http://172.17.0.147:8080/midonet-api/vips/{id}&quot;}&#10;2015-07-07 06:45:12,291 api_lib#do_request(62) do_request: uri=http://172.17.0.147:8080/midonet-api/hosts, method=GET&#10;2015-07-07 06:45:12,291 api_lib#do_request(63) do_request: body=None&#10;2015-07-07 06:45:12,292 api_lib#do_request(64) do_request: headers={'Accept': 'application/vnd.org.midonet.collection.Host-v2+json', 'X-Auth-Token': '999888777666'}&#10;2015-07-07 06:45:12,348 api_lib#do_request(79) do_request: response={'status': '200', 'content-length': '1231', 'content-location': u'http://172.17.0.147:8080/midonet-api/hosts', 'access-control-expose-headers': 'Location', 'server': 'Apache-Coyote/1.1', 'date': 'Tue, 07 Jul 2015 06:45:12 GMT', 'access-control-allow-origin': '*', 'access-control-allow-methods': 'GET, POST, PUT, DELETE, OPTIONS', 'content-type': 'application/vnd.org.midonet.collection.Host-v2+json'} | content=[{&quot;id&quot;:&quot;9fc8b29c-db09-49bb-9855-5e0673a8d427&quot;,&quot;name&quot;:&quot;fc54494480eb&quot;,&quot;addresses&quot;:[],&quot;alive&quot;:true,&quot;floodingProxyWeight&quot;:1,&quot;ports&quot;:&quot;http://172.17.0.147:8080/midonet-api/hosts/9fc8b29c-db09-49bb-9855-5e0673a8d427/ports&quot;,&quot;uri&quot;:&quot;http://172.17.0.147:8080/midonet-api/hosts/9fc8b29c-db09-49bb-9855-5e0673a8d427&quot;,&quot;interfaces&quot;:&quot;http://172.17.0.147:8080/midonet-api/hosts/9fc8b29c-db09-49bb-9855-5e0673a8d427/interfaces&quot;},{&quot;id&quot;:&quot;5034a059-5498-4c50-84eb-755a559e1c5e&quot;,&quot;name&quot;:&quot;c22577563ff6&quot;,&quot;addresses&quot;:[],&quot;alive&quot;:true,&quot;floodingProxyWeight&quot;:1,&quot;ports&quot;:&quot;http://172.17.0.147:8080/midonet-api/hosts/5034a059-5498-4c50-84eb-755a559e1c5e/ports&quot;,&quot;uri&quot;:&quot;http://172.17.0.147:8080/midonet-api/hosts/5034a059-5498-4c50-84eb-755a559e1c5e&quot;,&quot;interfaces&quot;:&quot;http://172.17.0.147:8080/midonet-api/hosts/5034a059-5498-4c50-84eb-755a559e1c5e/interfaces&quot;},{&quot;id&quot;:&quot;0a807a1a-3468-482e-baf0-a96f9c136e78&quot;,&quot;name&quot;:&quot;648e7a723653&quot;,&quot;addresses&quot;:[],&quot;alive&quot;:true,&quot;floodingProxyWeight&quot;:1,&quot;ports&quot;:&quot;http://172.17.0.147:8080/midonet-api/hosts/0a807a1a-3468-482e-baf0-a96f9c136e78/ports&quot;,&quot;uri&quot;:&quot;http://172.17.0.147:8080/midonet-api/hosts/0a807a1a-3468-482e-baf0-a96f9c136e78&quot;,&quot;interfaces&quot;:&quot;http://172.17.0.147:8080/midonet-api/hosts/0a807a1a-3468-482e-baf0-a96f9c136e78/interfaces&quot;}]&#10;2015-07-07 06:45:12,348 api_lib#do_request(62) do_request: uri=http://172.17.0.147:8080/midonet-api/ports/fe3b006c-d782-419e-a60e-f8ecef4e8f88, method=GET&#10;2015-07-07 06:45:12,349 api_lib#do_request(63) do_request: body=None&#10;2015-07-07 06:45:12,349 api_lib#do_request(64) do_request: headers={'Content-Type': 'application/vnd.org.midonet.Port-v2+json', 'Accept': 'application/vnd.org.midonet.Port-v2+json', 'X-Auth-Token': '999888777666'}&#10;2015-07-07 06:45:12,372 api_lib#do_request(79) do_request: response={'status': '200', 'content-length': '846', 'content-location': u'http://172.17.0.147:8080/midonet-api/ports/fe3b006c-d782-419e-a60e-f8ecef4e8f88', 'access-control-expose-headers': 'Location', 'server': 'Apache-Coyote/1.1', 'date': 'Tue, 07 Jul 2015 06:45:12 GMT', 'access-control-allow-origin': '*', 'access-control-allow-methods': 'GET, POST, PUT, DELETE, OPTIONS', 'content-type': 'application/vnd.org.midonet.Port-v2+json'} | content={&quot;type&quot;:&quot;Bridge&quot;,&quot;id&quot;:&quot;fe3b006c-d782-419e-a60e-f8ecef4e8f88&quot;,&quot;adminStateUp&quot;:true,&quot;deviceId&quot;:&quot;88ec3222-95cb-470a-8645-b4e4ffca9731&quot;,&quot;inboundFilterId&quot;:null,&quot;outboundFilterId&quot;:null,&quot;vifId&quot;:null,&quot;hostId&quot;:null,&quot;interfaceName&quot;:null,&quot;peerId&quot;:null,&quot;active&quot;:false,&quot;vlanId&quot;:null,&quot;device&quot;:&quot;http://172.17.0.147:8080/midonet-api/bridges/88ec3222-95cb-470a-8645-b4e4ffca9731&quot;,&quot;type&quot;:&quot;Bridge&quot;,&quot;hostInterfacePort&quot;:null,&quot;uri&quot;:&quot;http://172.17.0.147:8080/midonet-api/ports/fe3b006c-d782-419e-a60e-f8ecef4e8f88&quot;,&quot;portGroups&quot;:&quot;http://172.17.0.147:8080/midonet-api/ports/fe3b006c-d782-419e-a60e-f8ecef4e8f88/port_groups&quot;,&quot;peer&quot;:null,&quot;networkAddress&quot;:null,&quot;networkLength&quot;:-1,&quot;portAddress&quot;:null,&quot;portMac&quot;:null,&quot;bgps&quot;:null,&quot;inboundFilter&quot;:null,&quot;outboundFilter&quot;:null,&quot;link&quot;:&quot;http://172.17.0.147:8080/midonet-api/ports/fe3b006c-d782-419e-a60e-f8ecef4e8f88/link&quot;,&quot;host&quot;:null}&#10;2015-07-07 06:45:12,373 service#exec_command(111) [midonet-agent-1] executing command: sh -c &quot;ip netns exec vm4eae2ef8 ip link set dev peth4eae2ef8 down&quot;&#10;2015-07-07 06:45:12,375 connectionpool#_make_request(383) &quot;POST /v1.18/containers/midonet-agent-1/exec HTTP/1.1&quot; 201 74&#10;2015-07-07 06:45:12,385 connectionpool#_make_request(383) &quot;POST /v1.18/exec/29c53d51d7faf95a7a229710a305965f6845c28731438a85ce480afe127bbd04/start HTTP/1.1&quot; 200 None&#10;2015-07-07 06:45:12,432 service#exec_command(128) [midonet-agent-1] result = &#10;2015-07-07 06:45:12,432 service#exec_command(111) [midonet-agent-1] executing command: sh -c &quot;ip netns del vm4eae2ef8&quot;&#10;2015-07-07 06:45:12,434 connectionpool#_make_request(383) &quot;POST /v1.18/containers/midonet-agent-1/exec HTTP/1.1&quot; 201 74&#10;2015-07-07 06:45:12,442 connectionpool#_make_request(383) &quot;POST /v1.18/exec/ff8e50dabe8e0301bb5feb761c53f1b6d152bfee4232e93c4fa7fc4b783ee620/start HTTP/1.1&quot; 200 None&#10;2015-07-07 06:45:12,489 service#exec_command(128) [midonet-agent-1] result = &#10;2015-07-07 06:45:12,489 api_lib#do_request(62) do_request: uri=http://172.17.0.147:8080/midonet-api/hosts/9fc8b29c-db09-49bb-9855-5e0673a8d427, method=GET&#10;2015-07-07 06:45:12,489 api_lib#do_request(63) do_request: body=None&#10;2015-07-07 06:45:12,490 api_lib#do_request(64) do_request: headers={'Content-Type': 'application/vnd.org.midonet.Host-v2+json', 'Accept': 'application/vnd.org.midonet.Host-v2+json', 'X-Auth-Token': '999888777666'}&#10;2015-07-07 06:45:12,500 api_lib#do_request(79) do_request: response={'status': '200', 'content-length': '409', 'content-location': u'http://172.17.0.147:8080/midonet-api/hosts/9fc8b29c-db09-49bb-9855-5e0673a8d427', 'access-control-expose-headers': 'Location', 'server': 'Apache-Coyote/1.1', 'date': 'Tue, 07 Jul 2015 06:45:12 GMT', 'access-control-allow-origin': '*', 'access-control-allow-methods': 'GET, POST, PUT, DELETE, OPTIONS', 'content-type': 'application/vnd.org.midonet.Host-v2+json'} | content={&quot;id&quot;:&quot;9fc8b29c-db09-49bb-9855-5e0673a8d427&quot;,&quot;name&quot;:&quot;fc54494480eb&quot;,&quot;addresses&quot;:[],&quot;alive&quot;:true,&quot;floodingProxyWeight&quot;:1,&quot;ports&quot;:&quot;http://172.17.0.147:8080/midonet-api/hosts/9fc8b29c-db09-49bb-9855-5e0673a8d427/ports&quot;,&quot;uri&quot;:&quot;http://172.17.0.147:8080/midonet-api/hosts/9fc8b29c-db09-49bb-9855-5e0673a8d427&quot;,&quot;interfaces&quot;:&quot;http://172.17.0.147:8080/midonet-api/hosts/9fc8b29c-db09-49bb-9855-5e0673a8d427/interfaces&quot;}&#10;2015-07-07 06:45:12,500 api_lib#do_request(62) do_request: uri=http://172.17.0.147:8080/midonet-api/hosts/9fc8b29c-db09-49bb-9855-5e0673a8d427/ports, method=GET&#10;2015-07-07 06:45:12,501 api_lib#do_request(63) do_request: body=None&#10;2015-07-07 06:45:12,501 api_lib#do_request(64) do_request: headers={'Accept': 'application/vnd.org.midonet.collection.HostInterfacePort-v1+json', 'X-Auth-Token': '999888777666'}&#10;2015-07-07 06:45:12,514 api_lib#do_request(79) do_request: response={'status': '200', 'content-length': '439', 'content-location': u'http://172.17.0.147:8080/midonet-api/hosts/9fc8b29c-db09-49bb-9855-5e0673a8d427/ports', 'access-control-expose-headers': 'Location', 'server': 'Apache-Coyote/1.1', 'date': 'Tue, 07 Jul 2015 06:45:12 GMT', 'access-control-allow-origin': '*', 'access-control-allow-methods': 'GET, POST, PUT, DELETE, OPTIONS', 'content-type': 'application/vnd.org.midonet.collection.HostInterfacePort-v1+json'} | content=[{&quot;hostId&quot;:&quot;9fc8b29c-db09-49bb-9855-5e0673a8d427&quot;,&quot;portId&quot;:&quot;1cba92b6-e7dd-42b2-8b60-e847ac74f247&quot;,&quot;interfaceName&quot;:&quot;vetha936d771&quot;,&quot;uri&quot;:&quot;http://172.17.0.147:8080/midonet-api/hosts/9fc8b29c-db09-49bb-9855-5e0673a8d427/ports/1cba92b6-e7dd-42b2-8b60-e847ac74f247&quot;,&quot;host&quot;:&quot;http://172.17.0.147:8080/midonet-api/hosts/9fc8b29c-db09-49bb-9855-5e0673a8d427&quot;,&quot;port&quot;:&quot;http://172.17.0.147:8080/midonet-api/ports/1cba92b6-e7dd-42b2-8b60-e847ac74f247&quot;}]&#10;2015-07-07 06:45:12,515 api_lib#do_request(62) do_request: uri=http://172.17.0.147:8080/midonet-api/hosts/9fc8b29c-db09-49bb-9855-5e0673a8d427/ports/1cba92b6-e7dd-42b2-8b60-e847ac74f247, method=DELETE&#10;2015-07-07 06:45:12,516 api_lib#do_request(63) do_request: body=None&#10;2015-07-07 06:45:12,516 api_lib#do_request(64) do_request: headers={'X-Auth-Token': '999888777666'}&#10;2015-07-07 06:45:12,538 api_lib#do_request(79) do_request: response={'status': '204', 'access-control-expose-headers': 'Location', 'server': 'Apache-Coyote/1.1', 'date': 'Tue, 07 Jul 2015 06:45:12 GMT', 'access-control-allow-origin': '*', 'access-control-allow-methods': 'GET, POST, PUT, DELETE, OPTIONS'} | content=&#10;2015-07-07 06:45:12,538 api_lib#do_request(62) do_request: uri=http://172.17.0.147:8080/midonet-api, method=GET&#10;2015-07-07 06:45:12,539 api_lib#do_request(63) do_request: body=None&#10;2015-07-07 06:45:12,539 api_lib#do_request(64) do_request: headers={'Accept': 'application/vnd.org.midonet.Application-v5+json', 'X-Auth-Token': '999888777666'}&#10;2015-07-07 06:45:12,555 api_lib#do_request(79) do_request: response={'status': '200', 'content-length': '2683', 'content-location': 'http://172.17.0.147:8080/midonet-api/', 'access-control-expose-headers': 'Location', 'server': 'Apache-Coyote/1.1', 'date': 'Tue, 07 Jul 2015 06:45:12 GMT', 'access-control-allow-origin': '*', 'access-control-allow-methods': 'GET, POST, PUT, DELETE, OPTIONS', 'content-type': 'application/vnd.org.midonet.Application-v5+json'} | content={&quot;version&quot;:&quot;v1.9&quot;,&quot;ports&quot;:&quot;http://172.17.0.147:8080/midonet-api/ports&quot;,&quot;portTemplate&quot;:&quot;http://172.17.0.147:8080/midonet-api/ports/{id}&quot;,&quot;uri&quot;:&quot;http://172.17.0.147:8080/midonet-api/&quot;,&quot;routers&quot;:&quot;http://172.17.0.147:8080/midonet-api/routers&quot;,&quot;routerTemplate&quot;:&quot;http://172.17.0.147:8080/midonet-api/routers/{id}&quot;,&quot;tenants&quot;:&quot;http://172.17.0.147:8080/midonet-api/tenants&quot;,&quot;writeVersion&quot;:&quot;http://172.17.0.147:8080/midonet-api/write_version&quot;,&quot;neutron&quot;:&quot;http://172.17.0.147:8080/midonet-api/neutron&quot;,&quot;bridges&quot;:&quot;http://172.17.0.147:8080/midonet-api/bridges&quot;,&quot;chains&quot;:&quot;http://172.17.0.147:8080/midonet-api/chains&quot;,&quot;portGroups&quot;:&quot;http://172.17.0.147:8080/midonet-api/port_groups&quot;,&quot;loadBalancers&quot;:&quot;http://172.17.0.147:8080/midonet-api/load_balancers&quot;,&quot;ipAddrGroups&quot;:&quot;http://172.17.0.147:8080/midonet-api/ip_addr_groups&quot;,&quot;vteps&quot;:&quot;http://172.17.0.147:8080/midonet-api/vteps&quot;,&quot;adRouteTemplate&quot;:&quot;http://172.17.0.147:8080/midonet-api/ad_routes/{id}&quot;,&quot;bgpTemplate&quot;:&quot;http://172.17.0.147:8080/midonet-api/bgps/{id}&quot;,&quot;bridgeTemplate&quot;:&quot;http://172.17.0.147:8080/midonet-api/bridges/{id}&quot;,&quot;loadBalancerTemplate&quot;:&quot;http://172.17.0.147:8080/midonet-api/load_balancers/{id}&quot;,&quot;poolMemberTemplate&quot;:&quot;http://172.17.0.147:8080/midonet-api/pool_members/{id}&quot;,&quot;chainTemplate&quot;:&quot;http://172.17.0.147:8080/midonet-api/chains/{id}&quot;,&quot;hostTemplate&quot;:&quot;http://172.17.0.147:8080/midonet-api/hosts/{id}&quot;,&quot;portGroupTemplate&quot;:&quot;http://172.17.0.147:8080/midonet-api/port_groups/{id}&quot;,&quot;ipAddrGroupTemplate&quot;:&quot;http://172.17.0.147:8080/midonet-api/ip_addr_groups/{id}&quot;,&quot;routeTemplate&quot;:&quot;http://172.17.0.147:8080/midonet-api/routes/{id}&quot;,&quot;ruleTemplate&quot;:&quot;http://172.17.0.147:8080/midonet-api/rules/{id}&quot;,&quot;tenantTemplate&quot;:&quot;http://172.17.0.147:8080/midonet-api/tenants/{id}&quot;,&quot;tunnelZoneTemplate&quot;:&quot;http://172.17.0.147:8080/midonet-api/tunnel_zones/{id}&quot;,&quot;vtepTemplate&quot;:&quot;http://172.17.0.147:8080/midonet-api/vteps/{ipAddr}&quot;,&quot;hostVersions&quot;:&quot;http://172.17.0.147:8080/midonet-api/versions&quot;,&quot;traceRequests&quot;:&quot;http://172.17.0.147:8080/midonet-api/traces&quot;,&quot;licenses&quot;:null,&quot;licenseTemplate&quot;:null,&quot;licenseStatus&quot;:null,&quot;healthMonitors&quot;:&quot;http://172.17.0.147:8080/midonet-api/health_monitors&quot;,&quot;vips&quot;:&quot;http://172.17.0.147:8080/midonet-api/vips&quot;,&quot;poolMembers&quot;:&quot;http://172.17.0.147:8080/midonet-api/pool_members&quot;,&quot;hosts&quot;:&quot;http://172.17.0.147:8080/midonet-api/hosts&quot;,&quot;pools&quot;:&quot;http://172.17.0.147:8080/midonet-api/pools&quot;,&quot;systemState&quot;:&quot;http://172.17.0.147:8080/midonet-api/system_state&quot;,&quot;tunnelZones&quot;:&quot;http://172.17.0.147:8080/midonet-api/tunnel_zones&quot;,&quot;healthMonitorTemplate&quot;:&quot;http://172.17.0.147:8080/midonet-api/health_monitors/{id}&quot;,&quot;poolTemplate&quot;:&quot;http://172.17.0.147:8080/midonet-api/pools/{id}&quot;,&quot;vipTemplate&quot;:&quot;http://172.17.0.147:8080/midonet-api/vips/{id}&quot;}&#10;2015-07-07 06:45:12,555 api_lib#do_request(62) do_request: uri=http://172.17.0.147:8080/midonet-api/hosts, method=GET&#10;2015-07-07 06:45:12,555 api_lib#do_request(63) do_request: body=None&#10;2015-07-07 06:45:12,555 api_lib#do_request(64) do_request: headers={'Accept': 'application/vnd.org.midonet.collection.Host-v2+json', 'X-Auth-Token': '999888777666'}&#10;2015-07-07 06:45:12,589 api_lib#do_request(79) do_request: response={'status': '200', 'content-length': '1231', 'content-location': u'http://172.17.0.147:8080/midonet-api/hosts', 'access-control-expose-headers': 'Location', 'server': 'Apache-Coyote/1.1', 'date': 'Tue, 07 Jul 2015 06:45:12 GMT', 'access-control-allow-origin': '*', 'access-control-allow-methods': 'GET, POST, PUT, DELETE, OPTIONS', 'content-type': 'application/vnd.org.midonet.collection.Host-v2+json'} | content=[{&quot;id&quot;:&quot;9fc8b29c-db09-49bb-9855-5e0673a8d427&quot;,&quot;name&quot;:&quot;fc54494480eb&quot;,&quot;addresses&quot;:[],&quot;alive&quot;:true,&quot;floodingProxyWeight&quot;:1,&quot;ports&quot;:&quot;http://172.17.0.147:8080/midonet-api/hosts/9fc8b29c-db09-49bb-9855-5e0673a8d427/ports&quot;,&quot;uri&quot;:&quot;http://172.17.0.147:8080/midonet-api/hosts/9fc8b29c-db09-49bb-9855-5e0673a8d427&quot;,&quot;interfaces&quot;:&quot;http://172.17.0.147:8080/midonet-api/hosts/9fc8b29c-db09-49bb-9855-5e0673a8d427/interfaces&quot;},{&quot;id&quot;:&quot;5034a059-5498-4c50-84eb-755a559e1c5e&quot;,&quot;name&quot;:&quot;c22577563ff6&quot;,&quot;addresses&quot;:[],&quot;alive&quot;:true,&quot;floodingProxyWeight&quot;:1,&quot;ports&quot;:&quot;http://172.17.0.147:8080/midonet-api/hosts/5034a059-5498-4c50-84eb-755a559e1c5e/ports&quot;,&quot;uri&quot;:&quot;http://172.17.0.147:8080/midonet-api/hosts/5034a059-5498-4c50-84eb-755a559e1c5e&quot;,&quot;interfaces&quot;:&quot;http://172.17.0.147:8080/midonet-api/hosts/5034a059-5498-4c50-84eb-755a559e1c5e/interfaces&quot;},{&quot;id&quot;:&quot;0a807a1a-3468-482e-baf0-a96f9c136e78&quot;,&quot;name&quot;:&quot;648e7a723653&quot;,&quot;addresses&quot;:[],&quot;alive&quot;:true,&quot;floodingProxyWeight&quot;:1,&quot;ports&quot;:&quot;http://172.17.0.147:8080/midonet-api/hosts/0a807a1a-3468-482e-baf0-a96f9c136e78/ports&quot;,&quot;uri&quot;:&quot;http://172.17.0.147:8080/midonet-api/hosts/0a807a1a-3468-482e-baf0-a96f9c136e78&quot;,&quot;interfaces&quot;:&quot;http://172.17.0.147:8080/midonet-api/hosts/0a807a1a-3468-482e-baf0-a96f9c136e78/interfaces&quot;}]&#10;2015-07-07 06:45:12,590 api_lib#do_request(62) do_request: uri=http://172.17.0.147:8080/midonet-api/ports/1cba92b6-e7dd-42b2-8b60-e847ac74f247, method=GET&#10;2015-07-07 06:45:12,590 api_lib#do_request(63) do_request: body=None&#10;2015-07-07 06:45:12,590 api_lib#do_request(64) do_request: headers={'Content-Type': 'application/vnd.org.midonet.Port-v2+json', 'Accept': 'application/vnd.org.midonet.Port-v2+json', 'X-Auth-Token': '999888777666'}&#10;2015-07-07 06:45:12,603 api_lib#do_request(79) do_request: response={'status': '200', 'content-length': '846', 'content-location': u'http://172.17.0.147:8080/midonet-api/ports/1cba92b6-e7dd-42b2-8b60-e847ac74f247', 'access-control-expose-headers': 'Location', 'server': 'Apache-Coyote/1.1', 'date': 'Tue, 07 Jul 2015 06:45:12 GMT', 'access-control-allow-origin': '*', 'access-control-allow-methods': 'GET, POST, PUT, DELETE, OPTIONS', 'content-type': 'application/vnd.org.midonet.Port-v2+json'} | content={&quot;type&quot;:&quot;Bridge&quot;,&quot;id&quot;:&quot;1cba92b6-e7dd-42b2-8b60-e847ac74f247&quot;,&quot;adminStateUp&quot;:true,&quot;deviceId&quot;:&quot;8f32a769-29d8-4474-b600-3c9190f8e142&quot;,&quot;inboundFilterId&quot;:null,&quot;outboundFilterId&quot;:null,&quot;vifId&quot;:null,&quot;hostId&quot;:null,&quot;interfaceName&quot;:null,&quot;peerId&quot;:null,&quot;active&quot;:false,&quot;vlanId&quot;:null,&quot;device&quot;:&quot;http://172.17.0.147:8080/midonet-api/bridges/8f32a769-29d8-4474-b600-3c9190f8e142&quot;,&quot;type&quot;:&quot;Bridge&quot;,&quot;hostInterfacePort&quot;:null,&quot;uri&quot;:&quot;http://172.17.0.147:8080/midonet-api/ports/1cba92b6-e7dd-42b2-8b60-e847ac74f247&quot;,&quot;portGroups&quot;:&quot;http://172.17.0.147:8080/midonet-api/ports/1cba92b6-e7dd-42b2-8b60-e847ac74f247/port_groups&quot;,&quot;peer&quot;:null,&quot;networkAddress&quot;:null,&quot;networkLength&quot;:-1,&quot;portAddress&quot;:null,&quot;portMac&quot;:null,&quot;bgps&quot;:null,&quot;inboundFilter&quot;:null,&quot;outboundFilter&quot;:null,&quot;link&quot;:&quot;http://172.17.0.147:8080/midonet-api/ports/1cba92b6-e7dd-42b2-8b60-e847ac74f247/link&quot;,&quot;host&quot;:null}&#10;2015-07-07 06:45:12,604 service#exec_command(111) [midonet-agent-1] executing command: sh -c &quot;ip netns exec vma936d771 ip link set dev petha936d771 down&quot;&#10;2015-07-07 06:45:12,608 connectionpool#_make_request(383) &quot;POST /v1.18/containers/midonet-agent-1/exec HTTP/1.1&quot; 201 74&#10;2015-07-07 06:45:12,614 connectionpool#_make_request(383) &quot;POST /v1.18/exec/bdb6c7ff1a28d483d33a5f817d811aeac4c28045241b0e89b8735ed321753eb6/start HTTP/1.1&quot; 200 None&#10;2015-07-07 06:45:12,638 service#exec_command(128) [midonet-agent-1] result = &#10;2015-07-07 06:45:12,639 service#exec_command(111) [midonet-agent-1] executing command: sh -c &quot;ip netns del vma936d771&quot;&#10;2015-07-07 06:45:12,641 connectionpool#_make_request(383) &quot;POST /v1.18/containers/midonet-agent-1/exec HTTP/1.1&quot; 201 74&#10;2015-07-07 06:45:12,647 connectionpool#_make_request(383) &quot;POST /v1.18/exec/82569ab8df22a64e2c35bae7859b80d75b4ce34b966392e66af6ce706e5ef054/start HTTP/1.1&quot; 200 None&#10;2015-07-07 06:45:12,681 service#exec_command(128) [midonet-agent-1] result = &#10;2015-07-07 06:45:12,681 api_lib#do_request(62) do_request: uri=http://172.17.0.147:8080/midonet-api, method=GET&#10;2015-07-07 06:45:12,681 api_lib#do_request(63) do_request: body=None&#10;2015-07-07 06:45:12,681 api_lib#do_request(64) do_request: headers={'Accept': 'application/vnd.org.midonet.Application-v5+json', 'X-Auth-Token': '999888777666'}&#10;2015-07-07 06:45:12,689 api_lib#do_request(79) do_request: response={'status': '200', 'content-length': '2683', 'content-location': 'http://172.17.0.147:8080/midonet-api/', 'access-control-expose-headers': 'Location', 'server': 'Apache-Coyote/1.1', 'date': 'Tue, 07 Jul 2015 06:45:12 GMT', 'access-control-allow-origin': '*', 'access-control-allow-methods': 'GET, POST, PUT, DELETE, OPTIONS', 'content-type': 'application/vnd.org.midonet.Application-v5+json'} | content={&quot;version&quot;:&quot;v1.9&quot;,&quot;ports&quot;:&quot;http://172.17.0.147:8080/midonet-api/ports&quot;,&quot;portTemplate&quot;:&quot;http://172.17.0.147:8080/midonet-api/ports/{id}&quot;,&quot;uri&quot;:&quot;http://172.17.0.147:8080/midonet-api/&quot;,&quot;routers&quot;:&quot;http://172.17.0.147:8080/midonet-api/routers&quot;,&quot;routerTemplate&quot;:&quot;http://172.17.0.147:8080/midonet-api/routers/{id}&quot;,&quot;tenants&quot;:&quot;http://172.17.0.147:8080/midonet-api/tenants&quot;,&quot;writeVersion&quot;:&quot;http://172.17.0.147:8080/midonet-api/write_version&quot;,&quot;neutron&quot;:&quot;http://172.17.0.147:8080/midonet-api/neutron&quot;,&quot;bridges&quot;:&quot;http://172.17.0.147:8080/midonet-api/bridges&quot;,&quot;chains&quot;:&quot;http://172.17.0.147:8080/midonet-api/chains&quot;,&quot;portGroups&quot;:&quot;http://172.17.0.147:8080/midonet-api/port_groups&quot;,&quot;loadBalancers&quot;:&quot;http://172.17.0.147:8080/midonet-api/load_balancers&quot;,&quot;ipAddrGroups&quot;:&quot;http://172.17.0.147:8080/midonet-api/ip_addr_groups&quot;,&quot;vteps&quot;:&quot;http://172.17.0.147:8080/midonet-api/vteps&quot;,&quot;adRouteTemplate&quot;:&quot;http://172.17.0.147:8080/midonet-api/ad_routes/{id}&quot;,&quot;bgpTemplate&quot;:&quot;http://172.17.0.147:8080/midonet-api/bgps/{id}&quot;,&quot;bridgeTemplate&quot;:&quot;http://172.17.0.147:8080/midonet-api/bridges/{id}&quot;,&quot;loadBalancerTemplate&quot;:&quot;http://172.17.0.147:8080/midonet-api/load_balancers/{id}&quot;,&quot;poolMemberTemplate&quot;:&quot;http://172.17.0.147:8080/midonet-api/pool_members/{id}&quot;,&quot;chainTemplate&quot;:&quot;http://172.17.0.147:8080/midonet-api/chains/{id}&quot;,&quot;hostTemplate&quot;:&quot;http://172.17.0.147:8080/midonet-api/hosts/{id}&quot;,&quot;portGroupTemplate&quot;:&quot;http://172.17.0.147:8080/midonet-api/port_groups/{id}&quot;,&quot;ipAddrGroupTemplate&quot;:&quot;http://172.17.0.147:8080/midonet-api/ip_addr_groups/{id}&quot;,&quot;routeTemplate&quot;:&quot;http://172.17.0.147:8080/midonet-api/routes/{id}&quot;,&quot;ruleTemplate&quot;:&quot;http://172.17.0.147:8080/midonet-api/rules/{id}&quot;,&quot;tenantTemplate&quot;:&quot;http://172.17.0.147:8080/midonet-api/tenants/{id}&quot;,&quot;tunnelZoneTemplate&quot;:&quot;http://172.17.0.147:8080/midonet-api/tunnel_zones/{id}&quot;,&quot;vtepTemplate&quot;:&quot;http://172.17.0.147:8080/midonet-api/vteps/{ipAddr}&quot;,&quot;hostVersions&quot;:&quot;http://172.17.0.147:8080/midonet-api/versions&quot;,&quot;traceRequests&quot;:&quot;http://172.17.0.147:8080/midonet-api/traces&quot;,&quot;licenses&quot;:null,&quot;licenseTemplate&quot;:null,&quot;licenseStatus&quot;:null,&quot;healthMonitors&quot;:&quot;http://172.17.0.147:8080/midonet-api/health_monitors&quot;,&quot;vips&quot;:&quot;http://172.17.0.147:8080/midonet-api/vips&quot;,&quot;poolMembers&quot;:&quot;http://172.17.0.147:8080/midonet-api/pool_members&quot;,&quot;hosts&quot;:&quot;http://172.17.0.147:8080/midonet-api/hosts&quot;,&quot;pools&quot;:&quot;http://172.17.0.147:8080/midonet-api/pools&quot;,&quot;systemState&quot;:&quot;http://172.17.0.147:8080/midonet-api/system_state&quot;,&quot;tunnelZones&quot;:&quot;http://172.17.0.147:8080/midonet-api/tunnel_zones&quot;,&quot;healthMonitorTemplate&quot;:&quot;http://172.17.0.147:8080/midonet-api/health_monitors/{id}&quot;,&quot;poolTemplate&quot;:&quot;http://172.17.0.147:8080/midonet-api/pools/{id}&quot;,&quot;vipTemplate&quot;:&quot;http://172.17.0.147:8080/midonet-api/vips/{id}&quot;}&#10;2015-07-07 06:45:12,690 api_lib#do_request(62) do_request: uri=http://172.17.0.147:8080/midonet-api/hosts, method=GET&#10;2015-07-07 06:45:12,691 api_lib#do_request(63) do_request: body=None&#10;2015-07-07 06:45:12,691 api_lib#do_request(64) do_request: headers={'Accept': 'application/vnd.org.midonet.collection.Host-v2+json', 'X-Auth-Token': '999888777666'}&#10;2015-07-07 06:45:12,705 api_lib#do_request(79) do_request: response={'status': '200', 'content-length': '1231', 'content-location': u'http://172.17.0.147:8080/midonet-api/hosts', 'access-control-expose-headers': 'Location', 'server': 'Apache-Coyote/1.1', 'date': 'Tue, 07 Jul 2015 06:45:12 GMT', 'access-control-allow-origin': '*', 'access-control-allow-methods': 'GET, POST, PUT, DELETE, OPTIONS', 'content-type': 'application/vnd.org.midonet.collection.Host-v2+json'} | content=[{&quot;id&quot;:&quot;9fc8b29c-db09-49bb-9855-5e0673a8d427&quot;,&quot;name&quot;:&quot;fc54494480eb&quot;,&quot;addresses&quot;:[],&quot;alive&quot;:true,&quot;floodingProxyWeight&quot;:1,&quot;ports&quot;:&quot;http://172.17.0.147:8080/midonet-api/hosts/9fc8b29c-db09-49bb-9855-5e0673a8d427/ports&quot;,&quot;uri&quot;:&quot;http://172.17.0.147:8080/midonet-api/hosts/9fc8b29c-db09-49bb-9855-5e0673a8d427&quot;,&quot;interfaces&quot;:&quot;http://172.17.0.147:8080/midonet-api/hosts/9fc8b29c-db09-49bb-9855-5e0673a8d427/interfaces&quot;},{&quot;id&quot;:&quot;5034a059-5498-4c50-84eb-755a559e1c5e&quot;,&quot;name&quot;:&quot;c22577563ff6&quot;,&quot;addresses&quot;:[],&quot;alive&quot;:true,&quot;floodingProxyWeight&quot;:1,&quot;ports&quot;:&quot;http://172.17.0.147:8080/midonet-api/hosts/5034a059-5498-4c50-84eb-755a559e1c5e/ports&quot;,&quot;uri&quot;:&quot;http://172.17.0.147:8080/midonet-api/hosts/5034a059-5498-4c50-84eb-755a559e1c5e&quot;,&quot;interfaces&quot;:&quot;http://172.17.0.147:8080/midonet-api/hosts/5034a059-5498-4c50-84eb-755a559e1c5e/interfaces&quot;},{&quot;id&quot;:&quot;0a807a1a-3468-482e-baf0-a96f9c136e78&quot;,&quot;name&quot;:&quot;648e7a723653&quot;,&quot;addresses&quot;:[],&quot;alive&quot;:true,&quot;floodingProxyWeight&quot;:1,&quot;ports&quot;:&quot;http://172.17.0.147:8080/midonet-api/hosts/0a807a1a-3468-482e-baf0-a96f9c136e78/ports&quot;,&quot;uri&quot;:&quot;http://172.17.0.147:8080/midonet-api/hosts/0a807a1a-3468-482e-baf0-a96f9c136e78&quot;,&quot;interfaces&quot;:&quot;http://172.17.0.147:8080/midonet-api/hosts/0a807a1a-3468-482e-baf0-a96f9c136e78/interfaces&quot;}]&#10;2015-07-07 06:45:12,712 connectionpool#_make_request(383) &quot;GET /v1.18/containers/midonet-agent-1/json HTTP/1.1&quot; 200 None&#10;2015-07-07 06:45:12,725 connectionpool#_make_request(383) &quot;GET /v1.18/containers/fc54494480ebea8529562d5f9424cf62b3c824927b7c1a983e0e560e88e17489/json HTTP/1.1&quot; 200 None&#10;2015-07-07 06:45:12,734 connectionpool#_make_request(383) &quot;GET /v1.18/containers/fc54494480ebea8529562d5f9424cf62b3c824927b7c1a983e0e560e88e17489/json HTTP/1.1&quot; 200 None&#10;2015-07-07 06:45:12,739 connectionpool#_make_request(383) &quot;GET /v1.18/containers/zookeeper-3/json HTTP/1.1&quot; 200 None&#10;2015-07-07 06:45:12,744 connectionpool#_make_request(383) &quot;GET /v1.18/containers/e5b811f5f848e0f65e61c4f0fdf5e6d933ed010ed76ed1a8806ef37bcb125b6a/json HTTP/1.1&quot; 200 None&#10;2015-07-07 06:45:12,749 connectionpool#_make_request(383) &quot;GET /v1.18/containers/e5b811f5f848e0f65e61c4f0fdf5e6d933ed010ed76ed1a8806ef37bcb125b6a/json HTTP/1.1&quot; 200 None&#10;2015-07-07 06:45:12,752 connectionpool#_make_request(383) &quot;GET /v1.18/containers/zookeeper-1/json HTTP/1.1&quot; 200 None&#10;2015-07-07 06:45:12,757 connectionpool#_make_request(383) &quot;GET /v1.18/containers/5e8467bfd979c7b94e073bf5c6633bfb38d6dc69ae36905e4499f8b81d800b28/json HTTP/1.1&quot; 200 None&#10;2015-07-07 06:45:12,760 connectionpool#_make_request(383) &quot;GET /v1.18/containers/5e8467bfd979c7b94e073bf5c6633bfb38d6dc69ae36905e4499f8b81d800b28/json HTTP/1.1&quot; 200 None&#10;2015-07-07 06:45:12,765 connectionpool#_make_request(383) &quot;GET /v1.18/containers/zookeeper-2/json HTTP/1.1&quot; 200 None&#10;2015-07-07 06:45:12,770 connectionpool#_make_request(383) &quot;GET /v1.18/containers/498b7785f82300f612cd2d4b4da4d8a44a3b3ba0ca54f5aeaae80db2b7787ebf/json HTTP/1.1&quot; 200 None&#10;2015-07-07 06:45:12,775 connectionpool#_make_request(383) &quot;GET /v1.18/containers/498b7785f82300f612cd2d4b4da4d8a44a3b3ba0ca54f5aeaae80db2b7787ebf/json HTTP/1.1&quot; 200 None&#10;2015-07-07 06:45:12,779 connectionpool#_make_request(383) &quot;GET /v1.18/containers/cassandra-1/json HTTP/1.1&quot; 200 None&#10;2015-07-07 06:45:12,784 connectionpool#_make_request(383) &quot;GET /v1.18/containers/0d4525f380540ce3d119aebcd4ac3dbfc9d8fe5f6941ff5cc80efd2a062f36a0/json HTTP/1.1&quot; 200 None&#10;2015-07-07 06:45:12,787 connectionpool#_make_request(383) &quot;GET /v1.18/containers/0d4525f380540ce3d119aebcd4ac3dbfc9d8fe5f6941ff5cc80efd2a062f36a0/json HTTP/1.1&quot; 200 None&#10;2015-07-07 06:45:12,792 connectionpool#_make_request(383) &quot;GET /v1.18/containers/midonet-api/json HTTP/1.1&quot; 200 None&#10;2015-07-07 06:45:12,796 connectionpool#_make_request(383) &quot;GET /v1.18/containers/fdbee436ccb1958091f1630724cb22377bc3be3269bac85d772b6d29026439a4/json HTTP/1.1&quot; 200 None&#10;2015-07-07 06:45:12,800 connectionpool#_make_request(383) &quot;GET /v1.18/containers/fdbee436ccb1958091f1630724cb22377bc3be3269bac85d772b6d29026439a4/json HTTP/1.1&quot; 200 None&#10;2015-07-07 06:45:12,805 connectionpool#_make_request(383) &quot;GET /v1.18/containers/zookeeper-2/json HTTP/1.1&quot; 200 None&#10;2015-07-07 06:45:12,809 connectionpool#_make_request(383) &quot;GET /v1.18/containers/498b7785f82300f612cd2d4b4da4d8a44a3b3ba0ca54f5aeaae80db2b7787ebf/json HTTP/1.1&quot; 200 None&#10;2015-07-07 06:45:12,812 connectionpool#_make_request(383) &quot;GET /v1.18/containers/498b7785f82300f612cd2d4b4da4d8a44a3b3ba0ca54f5aeaae80db2b7787ebf/json HTTP/1.1&quot; 200 None&#10;2015-07-07 06:45:12,817 connectionpool#_make_request(383) &quot;GET /v1.18/containers/zookeeper-3/json HTTP/1.1&quot; 200 None&#10;2015-07-07 06:45:12,821 connectionpool#_make_request(383) &quot;GET /v1.18/containers/e5b811f5f848e0f65e61c4f0fdf5e6d933ed010ed76ed1a8806ef37bcb125b6a/json HTTP/1.1&quot; 200 None&#10;2015-07-07 06:45:12,825 connectionpool#_make_request(383) &quot;GET /v1.18/containers/e5b811f5f848e0f65e61c4f0fdf5e6d933ed010ed76ed1a8806ef37bcb125b6a/json HTTP/1.1&quot; 200 None&#10;2015-07-07 06:45:12,829 connectionpool#_make_request(383) &quot;GET /v1.18/containers/zookeeper-1/json HTTP/1.1&quot; 200 None&#10;2015-07-07 06:45:12,833 connectionpool#_make_request(383) &quot;GET /v1.18/containers/5e8467bfd979c7b94e073bf5c6633bfb38d6dc69ae36905e4499f8b81d800b28/json HTTP/1.1&quot; 200 None&#10;2015-07-07 06:45:12,837 connectionpool#_make_request(383) &quot;GET /v1.18/containers/5e8467bfd979c7b94e073bf5c6633bfb38d6dc69ae36905e4499f8b81d800b28/json HTTP/1.1&quot; 200 None&#10;2015-07-07 06:45:12,842 connectionpool#_make_request(383) &quot;GET /v1.18/containers/zookeeper-2/json HTTP/1.1&quot; 200 None&#10;2015-07-07 06:45:12,846 connectionpool#_make_request(383) &quot;GET /v1.18/containers/498b7785f82300f612cd2d4b4da4d8a44a3b3ba0ca54f5aeaae80db2b7787ebf/json HTTP/1.1&quot; 200 None&#10;2015-07-07 06:45:12,850 connectionpool#_make_request(383) &quot;GET /v1.18/containers/498b7785f82300f612cd2d4b4da4d8a44a3b3ba0ca54f5aeaae80db2b7787ebf/json HTTP/1.1&quot; 200 None&#10;2015-07-07 06:45:12,855 connectionpool#_make_request(383) &quot;GET /v1.18/containers/zookeeper-1/json HTTP/1.1&quot; 200 None&#10;2015-07-07 06:45:12,858 connectionpool#_make_request(383) &quot;GET /v1.18/containers/5e8467bfd979c7b94e073bf5c6633bfb38d6dc69ae36905e4499f8b81d800b28/json HTTP/1.1&quot; 200 None&#10;2015-07-07 06:45:12,862 connectionpool#_make_request(383) &quot;GET /v1.18/containers/5e8467bfd979c7b94e073bf5c6633bfb38d6dc69ae36905e4499f8b81d800b28/json HTTP/1.1&quot; 200 None&#10;2015-07-07 06:45:12,866 connectionpool#_make_request(383) &quot;GET /v1.18/containers/zookeeper-1/json HTTP/1.1&quot; 200 None&#10;2015-07-07 06:45:12,871 connectionpool#_make_request(383) &quot;GET /v1.18/containers/5e8467bfd979c7b94e073bf5c6633bfb38d6dc69ae36905e4499f8b81d800b28/json HTTP/1.1&quot; 200 None&#10;2015-07-07 06:45:12,875 connectionpool#_make_request(383) &quot;GET /v1.18/containers/5e8467bfd979c7b94e073bf5c6633bfb38d6dc69ae36905e4499f8b81d800b28/json HTTP/1.1&quot; 200 None&#10;2015-07-07 06:45:12,879 connectionpool#_make_request(383) &quot;GET /v1.18/containers/zookeeper-2/json HTTP/1.1&quot; 200 None&#10;2015-07-07 06:45:12,882 connectionpool#_make_request(383) &quot;GET /v1.18/containers/498b7785f82300f612cd2d4b4da4d8a44a3b3ba0ca54f5aeaae80db2b7787ebf/json HTTP/1.1&quot; 200 None&#10;2015-07-07 06:45:12,894 connectionpool#_make_request(383) &quot;GET /v1.18/containers/498b7785f82300f612cd2d4b4da4d8a44a3b3ba0ca54f5aeaae80db2b7787ebf/json HTTP/1.1&quot; 200 None&#10;2015-07-07 06:45:12,896 api_lib#do_request(62) do_request: uri=http://172.17.0.147:8080/midonet-api, method=GET&#10;2015-07-07 06:45:12,896 api_lib#do_request(63) do_request: body=None&#10;2015-07-07 06:45:12,897 api_lib#do_request(64) do_request: headers={'Accept': 'application/vnd.org.midonet.Application-v5+json', 'X-Auth-Token': '999888777666'}&#10;2015-07-07 06:45:12,905 api_lib#do_request(79) do_request: response={'status': '200', 'content-length': '2683', 'content-location': 'http://172.17.0.147:8080/midonet-api/', 'access-control-expose-headers': 'Location', 'server': 'Apache-Coyote/1.1', 'date': 'Tue, 07 Jul 2015 06:45:12 GMT', 'access-control-allow-origin': '*', 'access-control-allow-methods': 'GET, POST, PUT, DELETE, OPTIONS', 'content-type': 'application/vnd.org.midonet.Application-v5+json'} | content={&quot;version&quot;:&quot;v1.9&quot;,&quot;ports&quot;:&quot;http://172.17.0.147:8080/midonet-api/ports&quot;,&quot;portTemplate&quot;:&quot;http://172.17.0.147:8080/midonet-api/ports/{id}&quot;,&quot;uri&quot;:&quot;http://172.17.0.147:8080/midonet-api/&quot;,&quot;routers&quot;:&quot;http://172.17.0.147:8080/midonet-api/routers&quot;,&quot;routerTemplate&quot;:&quot;http://172.17.0.147:8080/midonet-api/routers/{id}&quot;,&quot;tenants&quot;:&quot;http://172.17.0.147:8080/midonet-api/tenants&quot;,&quot;writeVersion&quot;:&quot;http://172.17.0.147:8080/midonet-api/write_version&quot;,&quot;neutron&quot;:&quot;http://172.17.0.147:8080/midonet-api/neutron&quot;,&quot;bridges&quot;:&quot;http://172.17.0.147:8080/midonet-api/bridges&quot;,&quot;chains&quot;:&quot;http://172.17.0.147:8080/midonet-api/chains&quot;,&quot;portGroups&quot;:&quot;http://172.17.0.147:8080/midonet-api/port_groups&quot;,&quot;loadBalancers&quot;:&quot;http://172.17.0.147:8080/midonet-api/load_balancers&quot;,&quot;ipAddrGroups&quot;:&quot;http://172.17.0.147:8080/midonet-api/ip_addr_groups&quot;,&quot;vteps&quot;:&quot;http://172.17.0.147:8080/midonet-api/vteps&quot;,&quot;adRouteTemplate&quot;:&quot;http://172.17.0.147:8080/midonet-api/ad_routes/{id}&quot;,&quot;bgpTemplate&quot;:&quot;http://172.17.0.147:8080/midonet-api/bgps/{id}&quot;,&quot;bridgeTemplate&quot;:&quot;http://172.17.0.147:8080/midonet-api/bridges/{id}&quot;,&quot;loadBalancerTemplate&quot;:&quot;http://172.17.0.147:8080/midonet-api/load_balancers/{id}&quot;,&quot;poolMemberTemplate&quot;:&quot;http://172.17.0.147:8080/midonet-api/pool_members/{id}&quot;,&quot;chainTemplate&quot;:&quot;http://172.17.0.147:8080/midonet-api/chains/{id}&quot;,&quot;hostTemplate&quot;:&quot;http://172.17.0.147:8080/midonet-api/hosts/{id}&quot;,&quot;portGroupTemplate&quot;:&quot;http://172.17.0.147:8080/midonet-api/port_groups/{id}&quot;,&quot;ipAddrGroupTemplate&quot;:&quot;http://172.17.0.147:8080/midonet-api/ip_addr_groups/{id}&quot;,&quot;routeTemplate&quot;:&quot;http://172.17.0.147:8080/midonet-api/routes/{id}&quot;,&quot;ruleTemplate&quot;:&quot;http://172.17.0.147:8080/midonet-api/rules/{id}&quot;,&quot;tenantTemplate&quot;:&quot;http://172.17.0.147:8080/midonet-api/tenants/{id}&quot;,&quot;tunnelZoneTemplate&quot;:&quot;http://172.17.0.147:8080/midonet-api/tunnel_zones/{id}&quot;,&quot;vtepTemplate&quot;:&quot;http://172.17.0.147:8080/midonet-api/vteps/{ipAddr}&quot;,&quot;hostVersions&quot;:&quot;http://172.17.0.147:8080/midonet-api/versions&quot;,&quot;traceRequests&quot;:&quot;http://172.17.0.147:8080/midonet-api/traces&quot;,&quot;licenses&quot;:null,&quot;licenseTemplate&quot;:null,&quot;licenseStatus&quot;:null,&quot;healthMonitors&quot;:&quot;http://172.17.0.147:8080/midonet-api/health_monitors&quot;,&quot;vips&quot;:&quot;http://172.17.0.147:8080/midonet-api/vips&quot;,&quot;poolMembers&quot;:&quot;http://172.17.0.147:8080/midonet-api/pool_members&quot;,&quot;hosts&quot;:&quot;http://172.17.0.147:8080/midonet-api/hosts&quot;,&quot;pools&quot;:&quot;http://172.17.0.147:8080/midonet-api/pools&quot;,&quot;systemState&quot;:&quot;http://172.17.0.147:8080/midonet-api/system_state&quot;,&quot;tunnelZones&quot;:&quot;http://172.17.0.147:8080/midonet-api/tunnel_zones&quot;,&quot;healthMonitorTemplate&quot;:&quot;http://172.17.0.147:8080/midonet-api/health_monitors/{id}&quot;,&quot;poolTemplate&quot;:&quot;http://172.17.0.147:8080/midonet-api/pools/{id}&quot;,&quot;vipTemplate&quot;:&quot;http://172.17.0.147:8080/midonet-api/vips/{id}&quot;}&#10;2015-07-07 06:45:12,906 api_lib#do_request(62) do_request: uri=http://172.17.0.147:8080/midonet-api/hosts, method=GET&#10;2015-07-07 06:45:12,909 api_lib#do_request(63) do_request: body=None&#10;2015-07-07 06:45:12,910 api_lib#do_request(64) do_request: headers={'Accept': 'application/vnd.org.midonet.collection.Host-v2+json', 'X-Auth-Token': '999888777666'}&#10;2015-07-07 06:45:12,923 api_lib#do_request(79) do_request: response={'status': '200', 'content-length': '1231', 'content-location': u'http://172.17.0.147:8080/midonet-api/hosts', 'access-control-expose-headers': 'Location', 'server': 'Apache-Coyote/1.1', 'date': 'Tue, 07 Jul 2015 06:45:12 GMT', 'access-control-allow-origin': '*', 'access-control-allow-methods': 'GET, POST, PUT, DELETE, OPTIONS', 'content-type': 'application/vnd.org.midonet.collection.Host-v2+json'} | content=[{&quot;id&quot;:&quot;9fc8b29c-db09-49bb-9855-5e0673a8d427&quot;,&quot;name&quot;:&quot;fc54494480eb&quot;,&quot;addresses&quot;:[],&quot;alive&quot;:true,&quot;floodingProxyWeight&quot;:1,&quot;ports&quot;:&quot;http://172.17.0.147:8080/midonet-api/hosts/9fc8b29c-db09-49bb-9855-5e0673a8d427/ports&quot;,&quot;uri&quot;:&quot;http://172.17.0.147:8080/midonet-api/hosts/9fc8b29c-db09-49bb-9855-5e0673a8d427&quot;,&quot;interfaces&quot;:&quot;http://172.17.0.147:8080/midonet-api/hosts/9fc8b29c-db09-49bb-9855-5e0673a8d427/interfaces&quot;},{&quot;id&quot;:&quot;5034a059-5498-4c50-84eb-755a559e1c5e&quot;,&quot;name&quot;:&quot;c22577563ff6&quot;,&quot;addresses&quot;:[],&quot;alive&quot;:true,&quot;floodingProxyWeight&quot;:1,&quot;ports&quot;:&quot;http://172.17.0.147:8080/midonet-api/hosts/5034a059-5498-4c50-84eb-755a559e1c5e/ports&quot;,&quot;uri&quot;:&quot;http://172.17.0.147:8080/midonet-api/hosts/5034a059-5498-4c50-84eb-755a559e1c5e&quot;,&quot;interfaces&quot;:&quot;http://172.17.0.147:8080/midonet-api/hosts/5034a059-5498-4c50-84eb-755a559e1c5e/interfaces&quot;},{&quot;id&quot;:&quot;0a807a1a-3468-482e-baf0-a96f9c136e78&quot;,&quot;name&quot;:&quot;648e7a723653&quot;,&quot;addresses&quot;:[],&quot;alive&quot;:true,&quot;floodingProxyWeight&quot;:1,&quot;ports&quot;:&quot;http://172.17.0.147:8080/midonet-api/hosts/0a807a1a-3468-482e-baf0-a96f9c136e78/ports&quot;,&quot;uri&quot;:&quot;http://172.17.0.147:8080/midonet-api/hosts/0a807a1a-3468-482e-baf0-a96f9c136e78&quot;,&quot;interfaces&quot;:&quot;http://172.17.0.147:8080/midonet-api/hosts/0a807a1a-3468-482e-baf0-a96f9c136e78/interfaces&quot;}]&#10;2015-07-07 06:45:12,923 service#exec_command(111) [midonet-agent-1] executing command: sh -c &quot;cat /etc/midonet_host_id.properties              | tail -n1              | cut -d= -f2&quot;&#10;2015-07-07 06:45:12,926 connectionpool#_make_request(383) &quot;POST /v1.18/containers/midonet-agent-1/exec HTTP/1.1&quot; 201 74&#10;2015-07-07 06:45:12,933 connectionpool#_make_request(383) &quot;POST /v1.18/exec/8d204db7c67599510f5e86ebacc7510f5506da07cd84dc7aaa12cd95501ebfc8/start HTTP/1.1&quot; 200 None&#10;2015-07-07 06:45:12,956 service#exec_command(128) [midonet-agent-1] result = 9fc8b29c-db09-49bb-9855-5e0673a8d427&#10;2015-07-07 06:45:12,956 service#exec_command(111) [midonet-agent-1] executing command: sh -c &quot;sysctl -w net.ipv6.conf.default.disable_ipv6=1&quot;&#10;2015-07-07 06:45:12,958 connectionpool#_make_request(383) &quot;POST /v1.18/containers/midonet-agent-1/exec HTTP/1.1&quot; 201 74&#10;2015-07-07 06:45:12,965 connectionpool#_make_request(383) &quot;POST /v1.18/exec/c21076be9e115428ebb56c45feb26a9fe5c7755619fecb743279f473b0032e1d/start HTTP/1.1&quot; 200 None&#10;2015-07-07 06:45:12,985 service#exec_command(128) [midonet-agent-1] result = net.ipv6.conf.default.disable_ipv6 = 1&#10;2015-07-07 06:45:12,985 service#exec_command(111) [midonet-agent-1] executing command: sh -c &quot;sysctl -w net.ipv6.conf.all.disable_ipv6=1&quot;&#10;2015-07-07 06:45:12,988 connectionpool#_make_request(383) &quot;POST /v1.18/containers/midonet-agent-1/exec HTTP/1.1&quot; 201 74&#10;2015-07-07 06:45:12,992 connectionpool#_make_request(383) &quot;POST /v1.18/exec/0713ecdfaa226c4d09bf8357959ba7d754626cd84001d338b781dc3f0aed79ab/start HTTP/1.1&quot; 200 None&#10;2015-07-07 06:45:13,013 service#exec_command(128) [midonet-agent-1] result = net.ipv6.conf.all.disable_ipv6 = 1&#10;2015-07-07 06:45:13,014 service#exec_command(111) [midonet-agent-1] executing command: sh -c &quot;ip link add dev vethef8c20af type veth peer name pethef8c20af&quot;&#10;2015-07-07 06:45:13,017 connectionpool#_make_request(383) &quot;POST /v1.18/containers/midonet-agent-1/exec HTTP/1.1&quot; 201 74&#10;2015-07-07 06:45:13,023 connectionpool#_make_request(383) &quot;POST /v1.18/exec/0d9afeb9f876e6c9e38a2f5b3337efea78172510a8ffbce3dc4a9a91435a7518/start HTTP/1.1&quot; 200 None&#10;2015-07-07 06:45:13,048 service#exec_command(128) [midonet-agent-1] result = &#10;2015-07-07 06:45:13,048 service#exec_command(111) [midonet-agent-1] executing command: sh -c &quot;ip netns add vmef8c20af&quot;&#10;2015-07-07 06:45:13,051 connectionpool#_make_request(383) &quot;POST /v1.18/containers/midonet-agent-1/exec HTTP/1.1&quot; 201 74&#10;2015-07-07 06:45:13,057 connectionpool#_make_request(383) &quot;POST /v1.18/exec/7c14b6ab526aa440275a9e2dd7028e6bbb80ef01b6cc65a98077b78ffd40b33c/start HTTP/1.1&quot; 200 None&#10;2015-07-07 06:45:13,080 service#exec_command(128) [midonet-agent-1] result = &#10;2015-07-07 06:45:13,080 service#exec_command(111) [midonet-agent-1] executing command: sh -c &quot;ip netns exec vmef8c20af sysctl -w net.ipv6.conf.default.disable_ipv6=1&quot;&#10;2015-07-07 06:45:13,083 connectionpool#_make_request(383) &quot;POST /v1.18/containers/midonet-agent-1/exec HTTP/1.1&quot; 201 74&#10;2015-07-07 06:45:13,091 connectionpool#_make_request(383) &quot;POST /v1.18/exec/2f37f4b2e2738a6b93d0edadfa7c9265b1ca9f8a43f92c4921d74a23e0df6c03/start HTTP/1.1&quot; 200 None&#10;2015-07-07 06:45:13,113 service#exec_command(128) [midonet-agent-1] result = net.ipv6.conf.default.disable_ipv6 = 1&#10;2015-07-07 06:45:13,113 service#exec_command(111) [midonet-agent-1] executing command: sh -c &quot;ip netns exec vmef8c20af sysctl -w net.ipv6.conf.all.disable_ipv6=1&quot;&#10;2015-07-07 06:45:13,115 connectionpool#_make_request(383) &quot;POST /v1.18/containers/midonet-agent-1/exec HTTP/1.1&quot; 201 74&#10;2015-07-07 06:45:13,124 connectionpool#_make_request(383) &quot;POST /v1.18/exec/4e6b60dd93717b4d88d5e73de491704a0fdf62abd14654199d61f6de649b01e1/start HTTP/1.1&quot; 200 None&#10;2015-07-07 06:45:13,143 service#exec_command(128) [midonet-agent-1] result = net.ipv6.conf.all.disable_ipv6 = 1&#10;2015-07-07 06:45:13,143 service#exec_command(111) [midonet-agent-1] executing command: sh -c &quot;ip link set address aa:bb:cc:00:01:01 dev pethef8c20af&quot;&#10;2015-07-07 06:45:13,145 connectionpool#_make_request(383) &quot;POST /v1.18/containers/midonet-agent-1/exec HTTP/1.1&quot; 201 74&#10;2015-07-07 06:45:13,151 connectionpool#_make_request(383) &quot;POST /v1.18/exec/f09b922575f5cfa2d7863bee29103edff5a03e8fa9b11c105595a9d55ab894a6/start HTTP/1.1&quot; 200 None&#10;2015-07-07 06:45:13,173 service#exec_command(128) [midonet-agent-1] result = &#10;2015-07-07 06:45:13,173 service#exec_command(111) [midonet-agent-1] executing command: sh -c &quot;ip link set vethef8c20af up&quot;&#10;2015-07-07 06:45:13,175 connectionpool#_make_request(383) &quot;POST /v1.18/containers/midonet-agent-1/exec HTTP/1.1&quot; 201 74&#10;2015-07-07 06:45:13,181 connectionpool#_make_request(383) &quot;POST /v1.18/exec/d8b9c2f0d6dfd5b1dc61be872be91db0e12daf21ce5c46aaca4f82752d75b54e/start HTTP/1.1&quot; 200 None&#10;2015-07-07 06:45:13,202 service#exec_command(128) [midonet-agent-1] result = &#10;2015-07-07 06:45:13,202 service#exec_command(111) [midonet-agent-1] executing command: sh -c &quot;ip link set dev pethef8c20af up netns vmef8c20af&quot;&#10;2015-07-07 06:45:13,205 connectionpool#_make_request(383) &quot;POST /v1.18/containers/midonet-agent-1/exec HTTP/1.1&quot; 201 74&#10;2015-07-07 06:45:13,209 connectionpool#_make_request(383) &quot;POST /v1.18/exec/5531440f73df33880f6b574f0766fe1f31032f4497a5d391caea11e51166046c/start HTTP/1.1&quot; 200 None&#10;2015-07-07 06:45:13,236 service#exec_command(128) [midonet-agent-1] result = &#10;2015-07-07 06:45:13,237 service#exec_command(111) [midonet-agent-1] executing command: sh -c &quot;ip netns exec vmef8c20af ip addr add 172.16.1.1/24 dev pethef8c20af&quot;&#10;2015-07-07 06:45:13,240 connectionpool#_make_request(383) &quot;POST /v1.18/containers/midonet-agent-1/exec HTTP/1.1&quot; 201 74&#10;2015-07-07 06:45:13,246 connectionpool#_make_request(383) &quot;POST /v1.18/exec/7d44c6a3453296afd2ef32d821284a1cb8c9b1aff5f8313276255ea789e0d9f1/start HTTP/1.1&quot; 200 None&#10;2015-07-07 06:45:13,268 service#exec_command(128) [midonet-agent-1] result = &#10;2015-07-07 06:45:13,269 service#exec_command(111) [midonet-agent-1] executing command: sh -c &quot;ip netns exec vmef8c20af ip route add default via 172.16.1.254&quot;&#10;2015-07-07 06:45:13,271 connectionpool#_make_request(383) &quot;POST /v1.18/containers/midonet-agent-1/exec HTTP/1.1&quot; 201 74&#10;2015-07-07 06:45:13,276 connectionpool#_make_request(383) &quot;POST /v1.18/exec/802374b4336c475c1d87ea0837d4850d639db4901a4cdeee37024ed7afba74bf/start HTTP/1.1&quot; 200 None&#10;2015-07-07 06:45:13,298 service#exec_command(128) [midonet-agent-1] result = &#10;2015-07-07 06:45:13,299 service#exec_command(111) [midonet-agent-1] executing command: sh -c &quot;ip netns exec vmef8c20af ip link set mtu 1500 dev pethef8c20af&quot;&#10;2015-07-07 06:45:13,302 connectionpool#_make_request(383) &quot;POST /v1.18/containers/midonet-agent-1/exec HTTP/1.1&quot; 201 74&#10;2015-07-07 06:45:13,311 connectionpool#_make_request(383) &quot;POST /v1.18/exec/e682920cea54b8e93e1654d20c50ec756b0a3ebe527a6cbf7af6b8e85252e78f/start HTTP/1.1&quot; 200 None&#10;2015-07-07 06:45:13,331 service#exec_command(128) [midonet-agent-1] result = &#10;2015-07-07 06:45:13,331 vmguest#do_clear_arp(152) VethNs: flushing arp cache: ip neigh flush all&#10;2015-07-07 06:45:13,331 service#exec_command(111) [midonet-agent-1] executing command: sh -c &quot;ip netns exec vmef8c20af ip neigh flush all&quot;&#10;2015-07-07 06:45:13,334 connectionpool#_make_request(383) &quot;POST /v1.18/containers/midonet-agent-1/exec HTTP/1.1&quot; 201 74&#10;2015-07-07 06:45:13,340 connectionpool#_make_request(383) &quot;POST /v1.18/exec/d7944e0c0135555f053dd404a588d1aff0d3583997513fa26f3b417c408b5f1d/start HTTP/1.1&quot; 200 None&#10;2015-07-07 06:45:13,362 service#exec_command(128) [midonet-agent-1] result = &#10;2015-07-07 06:45:13,362 api_lib#do_request(62) do_request: uri=http://172.17.0.147:8080/midonet-api, method=GET&#10;2015-07-07 06:45:13,362 api_lib#do_request(63) do_request: body=None&#10;2015-07-07 06:45:13,362 api_lib#do_request(64) do_request: headers={'Accept': 'application/vnd.org.midonet.Application-v5+json', 'X-Auth-Token': '999888777666'}&#10;2015-07-07 06:45:13,368 api_lib#do_request(79) do_request: response={'status': '200', 'content-length': '2683', 'content-location': 'http://172.17.0.147:8080/midonet-api/', 'access-control-expose-headers': 'Location', 'server': 'Apache-Coyote/1.1', 'date': 'Tue, 07 Jul 2015 06:45:13 GMT', 'access-control-allow-origin': '*', 'access-control-allow-methods': 'GET, POST, PUT, DELETE, OPTIONS', 'content-type': 'application/vnd.org.midonet.Application-v5+json'} | content={&quot;version&quot;:&quot;v1.9&quot;,&quot;ports&quot;:&quot;http://172.17.0.147:8080/midonet-api/ports&quot;,&quot;portTemplate&quot;:&quot;http://172.17.0.147:8080/midonet-api/ports/{id}&quot;,&quot;uri&quot;:&quot;http://172.17.0.147:8080/midonet-api/&quot;,&quot;routers&quot;:&quot;http://172.17.0.147:8080/midonet-api/routers&quot;,&quot;routerTemplate&quot;:&quot;http://172.17.0.147:8080/midonet-api/routers/{id}&quot;,&quot;tenants&quot;:&quot;http://172.17.0.147:8080/midonet-api/tenants&quot;,&quot;writeVersion&quot;:&quot;http://172.17.0.147:8080/midonet-api/write_version&quot;,&quot;neutron&quot;:&quot;http://172.17.0.147:8080/midonet-api/neutron&quot;,&quot;bridges&quot;:&quot;http://172.17.0.147:8080/midonet-api/bridges&quot;,&quot;chains&quot;:&quot;http://172.17.0.147:8080/midonet-api/chains&quot;,&quot;portGroups&quot;:&quot;http://172.17.0.147:8080/midonet-api/port_groups&quot;,&quot;loadBalancers&quot;:&quot;http://172.17.0.147:8080/midonet-api/load_balancers&quot;,&quot;ipAddrGroups&quot;:&quot;http://172.17.0.147:8080/midonet-api/ip_addr_groups&quot;,&quot;vteps&quot;:&quot;http://172.17.0.147:8080/midonet-api/vteps&quot;,&quot;adRouteTemplate&quot;:&quot;http://172.17.0.147:8080/midonet-api/ad_routes/{id}&quot;,&quot;bgpTemplate&quot;:&quot;http://172.17.0.147:8080/midonet-api/bgps/{id}&quot;,&quot;bridgeTemplate&quot;:&quot;http://172.17.0.147:8080/midonet-api/bridges/{id}&quot;,&quot;loadBalancerTemplate&quot;:&quot;http://172.17.0.147:8080/midonet-api/load_balancers/{id}&quot;,&quot;poolMemberTemplate&quot;:&quot;http://172.17.0.147:8080/midonet-api/pool_members/{id}&quot;,&quot;chainTemplate&quot;:&quot;http://172.17.0.147:8080/midonet-api/chains/{id}&quot;,&quot;hostTemplate&quot;:&quot;http://172.17.0.147:8080/midonet-api/hosts/{id}&quot;,&quot;portGroupTemplate&quot;:&quot;http://172.17.0.147:8080/midonet-api/port_groups/{id}&quot;,&quot;ipAddrGroupTemplate&quot;:&quot;http://172.17.0.147:8080/midonet-api/ip_addr_groups/{id}&quot;,&quot;routeTemplate&quot;:&quot;http://172.17.0.147:8080/midonet-api/routes/{id}&quot;,&quot;ruleTemplate&quot;:&quot;http://172.17.0.147:8080/midonet-api/rules/{id}&quot;,&quot;tenantTemplate&quot;:&quot;http://172.17.0.147:8080/midonet-api/tenants/{id}&quot;,&quot;tunnelZoneTemplate&quot;:&quot;http://172.17.0.147:8080/midonet-api/tunnel_zones/{id}&quot;,&quot;vtepTemplate&quot;:&quot;http://172.17.0.147:8080/midonet-api/vteps/{ipAddr}&quot;,&quot;hostVersions&quot;:&quot;http://172.17.0.147:8080/midonet-api/versions&quot;,&quot;traceRequests&quot;:&quot;http://172.17.0.147:8080/midonet-api/traces&quot;,&quot;licenses&quot;:null,&quot;licenseTemplate&quot;:null,&quot;licenseStatus&quot;:null,&quot;healthMonitors&quot;:&quot;http://172.17.0.147:8080/midonet-api/health_monitors&quot;,&quot;vips&quot;:&quot;http://172.17.0.147:8080/midonet-api/vips&quot;,&quot;poolMembers&quot;:&quot;http://172.17.0.147:8080/midonet-api/pool_members&quot;,&quot;hosts&quot;:&quot;http://172.17.0.147:8080/midonet-api/hosts&quot;,&quot;pools&quot;:&quot;http://172.17.0.147:8080/midonet-api/pools&quot;,&quot;systemState&quot;:&quot;http://172.17.0.147:8080/midonet-api/system_state&quot;,&quot;tunnelZones&quot;:&quot;http://172.17.0.147:8080/midonet-api/tunnel_zones&quot;,&quot;healthMonitorTemplate&quot;:&quot;http://172.17.0.147:8080/midonet-api/health_monitors/{id}&quot;,&quot;poolTemplate&quot;:&quot;http://172.17.0.147:8080/midonet-api/pools/{id}&quot;,&quot;vipTemplate&quot;:&quot;http://172.17.0.147:8080/midonet-api/vips/{id}&quot;}&#10;2015-07-07 06:45:13,370 api_lib#do_request(62) do_request: uri=http://172.17.0.147:8080/midonet-api/hosts, method=GET&#10;2015-07-07 06:45:13,370 api_lib#do_request(63) do_request: body=None&#10;2015-07-07 06:45:13,370 api_lib#do_request(64) do_request: headers={'Accept': 'application/vnd.org.midonet.collection.Host-v2+json', 'X-Auth-Token': '999888777666'}&#10;2015-07-07 06:45:13,384 api_lib#do_request(79) do_request: response={'status': '200', 'content-length': '1231', 'content-location': u'http://172.17.0.147:8080/midonet-api/hosts', 'access-control-expose-headers': 'Location', 'server': 'Apache-Coyote/1.1', 'date': 'Tue, 07 Jul 2015 06:45:13 GMT', 'access-control-allow-origin': '*', 'access-control-allow-methods': 'GET, POST, PUT, DELETE, OPTIONS', 'content-type': 'application/vnd.org.midonet.collection.Host-v2+json'} | content=[{&quot;id&quot;:&quot;9fc8b29c-db09-49bb-9855-5e0673a8d427&quot;,&quot;name&quot;:&quot;fc54494480eb&quot;,&quot;addresses&quot;:[],&quot;alive&quot;:true,&quot;floodingProxyWeight&quot;:1,&quot;ports&quot;:&quot;http://172.17.0.147:8080/midonet-api/hosts/9fc8b29c-db09-49bb-9855-5e0673a8d427/ports&quot;,&quot;uri&quot;:&quot;http://172.17.0.147:8080/midonet-api/hosts/9fc8b29c-db09-49bb-9855-5e0673a8d427&quot;,&quot;interfaces&quot;:&quot;http://172.17.0.147:8080/midonet-api/hosts/9fc8b29c-db09-49bb-9855-5e0673a8d427/interfaces&quot;},{&quot;id&quot;:&quot;5034a059-5498-4c50-84eb-755a559e1c5e&quot;,&quot;name&quot;:&quot;c22577563ff6&quot;,&quot;addresses&quot;:[],&quot;alive&quot;:true,&quot;floodingProxyWeight&quot;:1,&quot;ports&quot;:&quot;http://172.17.0.147:8080/midonet-api/hosts/5034a059-5498-4c50-84eb-755a559e1c5e/ports&quot;,&quot;uri&quot;:&quot;http://172.17.0.147:8080/midonet-api/hosts/5034a059-5498-4c50-84eb-755a559e1c5e&quot;,&quot;interfaces&quot;:&quot;http://172.17.0.147:8080/midonet-api/hosts/5034a059-5498-4c50-84eb-755a559e1c5e/interfaces&quot;},{&quot;id&quot;:&quot;0a807a1a-3468-482e-baf0-a96f9c136e78&quot;,&quot;name&quot;:&quot;648e7a723653&quot;,&quot;addresses&quot;:[],&quot;alive&quot;:true,&quot;floodingProxyWeight&quot;:1,&quot;ports&quot;:&quot;http://172.17.0.147:8080/midonet-api/hosts/0a807a1a-3468-482e-baf0-a96f9c136e78/ports&quot;,&quot;uri&quot;:&quot;http://172.17.0.147:8080/midonet-api/hosts/0a807a1a-3468-482e-baf0-a96f9c136e78&quot;,&quot;interfaces&quot;:&quot;http://172.17.0.147:8080/midonet-api/hosts/0a807a1a-3468-482e-baf0-a96f9c136e78/interfaces&quot;}]&#10;2015-07-07 06:45:13,384 api_lib#do_request(62) do_request: uri=http://172.17.0.147:8080/midonet-api/hosts/9fc8b29c-db09-49bb-9855-5e0673a8d427, method=GET&#10;2015-07-07 06:45:13,385 api_lib#do_request(63) do_request: body=None&#10;2015-07-07 06:45:13,385 api_lib#do_request(64) do_request: headers={'Content-Type': 'application/vnd.org.midonet.Host-v2+json', 'Accept': 'application/vnd.org.midonet.Host-v2+json', 'X-Auth-Token': '999888777666'}&#10;2015-07-07 06:45:13,394 api_lib#do_request(79) do_request: response={'status': '200', 'content-length': '409', 'content-location': u'http://172.17.0.147:8080/midonet-api/hosts/9fc8b29c-db09-49bb-9855-5e0673a8d427', 'access-control-expose-headers': 'Location', 'server': 'Apache-Coyote/1.1', 'date': 'Tue, 07 Jul 2015 06:45:13 GMT', 'access-control-allow-origin': '*', 'access-control-allow-methods': 'GET, POST, PUT, DELETE, OPTIONS', 'content-type': 'application/vnd.org.midonet.Host-v2+json'} | content={&quot;id&quot;:&quot;9fc8b29c-db09-49bb-9855-5e0673a8d427&quot;,&quot;name&quot;:&quot;fc54494480eb&quot;,&quot;addresses&quot;:[],&quot;alive&quot;:true,&quot;floodingProxyWeight&quot;:1,&quot;ports&quot;:&quot;http://172.17.0.147:8080/midonet-api/hosts/9fc8b29c-db09-49bb-9855-5e0673a8d427/ports&quot;,&quot;uri&quot;:&quot;http://172.17.0.147:8080/midonet-api/hosts/9fc8b29c-db09-49bb-9855-5e0673a8d427&quot;,&quot;interfaces&quot;:&quot;http://172.17.0.147:8080/midonet-api/hosts/9fc8b29c-db09-49bb-9855-5e0673a8d427/interfaces&quot;}&#10;2015-07-07 06:45:13,395 api_lib#do_request(62) do_request: uri=http://172.17.0.147:8080/midonet-api/hosts/9fc8b29c-db09-49bb-9855-5e0673a8d427/ports, method=POST&#10;2015-07-07 06:45:13,396 api_lib#do_request(63) do_request: body={'portId': u'fe3b006c-d782-419e-a60e-f8ecef4e8f88', 'interfaceName': 'vethef8c20af'}&#10;2015-07-07 06:45:13,396 api_lib#do_request(64) do_request: headers={'Content-Type': 'application/vnd.org.midonet.HostInterfacePort-v1+json', 'X-Auth-Token': '999888777666'}&#10;2015-07-07 06:45:13,442 api_lib#do_request(79) do_request: response={'status': '201', 'content-length': '0', 'access-control-expose-headers': 'Location', 'server': 'Apache-Coyote/1.1', 'location': 'http://172.17.0.147:8080/midonet-api/hosts/9fc8b29c-db09-49bb-9855-5e0673a8d427/ports/fe3b006c-d782-419e-a60e-f8ecef4e8f88', 'date': 'Tue, 07 Jul 2015 06:45:13 GMT', 'access-control-allow-origin': '*', 'access-control-allow-methods': 'GET, POST, PUT, DELETE, OPTIONS'} | content=&#10;2015-07-07 06:45:13,442 api_lib#do_request(62) do_request: uri=http://172.17.0.147:8080/midonet-api/hosts/9fc8b29c-db09-49bb-9855-5e0673a8d427/ports/fe3b006c-d782-419e-a60e-f8ecef4e8f88, method=GET&#10;2015-07-07 06:45:13,442 api_lib#do_request(63) do_request: body=None&#10;2015-07-07 06:45:13,442 api_lib#do_request(64) do_request: headers={'Content-Type': 'application/vnd.org.midonet.HostInterfacePort-v1+json', 'Accept': 'application/vnd.org.midonet.HostInterfacePort-v1+json', 'X-Auth-Token': '999888777666'}&#10;2015-07-07 06:45:13,461 api_lib#do_request(79) do_request: response={'status': '200', 'content-length': '437', 'content-location': 'http://172.17.0.147:8080/midonet-api/hosts/9fc8b29c-db09-49bb-9855-5e0673a8d427/ports/fe3b006c-d782-419e-a60e-f8ecef4e8f88', 'access-control-expose-headers': 'Location', 'server': 'Apache-Coyote/1.1', 'date': 'Tue, 07 Jul 2015 06:45:13 GMT', 'access-control-allow-origin': '*', 'access-control-allow-methods': 'GET, POST, PUT, DELETE, OPTIONS', 'content-type': 'application/vnd.org.midonet.HostInterfacePort-v1+json'} | content={&quot;hostId&quot;:&quot;9fc8b29c-db09-49bb-9855-5e0673a8d427&quot;,&quot;portId&quot;:&quot;fe3b006c-d782-419e-a60e-f8ecef4e8f88&quot;,&quot;interfaceName&quot;:&quot;vethef8c20af&quot;,&quot;uri&quot;:&quot;http://172.17.0.147:8080/midonet-api/hosts/9fc8b29c-db09-49bb-9855-5e0673a8d427/ports/fe3b006c-d782-419e-a60e-f8ecef4e8f88&quot;,&quot;host&quot;:&quot;http://172.17.0.147:8080/midonet-api/hosts/9fc8b29c-db09-49bb-9855-5e0673a8d427&quot;,&quot;port&quot;:&quot;http://172.17.0.147:8080/midonet-api/ports/fe3b006c-d782-419e-a60e-f8ecef4e8f88&quot;}&#10;2015-07-07 06:45:13,462 api_lib#do_request(62) do_request: uri=http://172.17.0.147:8080/midonet-api, method=GET&#10;2015-07-07 06:45:13,462 api_lib#do_request(63) do_request: body=None&#10;2015-07-07 06:45:13,462 api_lib#do_request(64) do_request: headers={'Accept': 'application/vnd.org.midonet.Application-v5+json', 'X-Auth-Token': '999888777666'}&#10;2015-07-07 06:45:13,479 api_lib#do_request(79) do_request: response={'status': '200', 'content-length': '2683', 'content-location': 'http://172.17.0.147:8080/midonet-api/', 'access-control-expose-headers': 'Location', 'server': 'Apache-Coyote/1.1', 'date': 'Tue, 07 Jul 2015 06:45:13 GMT', 'access-control-allow-origin': '*', 'access-control-allow-methods': 'GET, POST, PUT, DELETE, OPTIONS', 'content-type': 'application/vnd.org.midonet.Application-v5+json'} | content={&quot;version&quot;:&quot;v1.9&quot;,&quot;ports&quot;:&quot;http://172.17.0.147:8080/midonet-api/ports&quot;,&quot;portTemplate&quot;:&quot;http://172.17.0.147:8080/midonet-api/ports/{id}&quot;,&quot;uri&quot;:&quot;http://172.17.0.147:8080/midonet-api/&quot;,&quot;routers&quot;:&quot;http://172.17.0.147:8080/midonet-api/routers&quot;,&quot;routerTemplate&quot;:&quot;http://172.17.0.147:8080/midonet-api/routers/{id}&quot;,&quot;tenants&quot;:&quot;http://172.17.0.147:8080/midonet-api/tenants&quot;,&quot;writeVersion&quot;:&quot;http://172.17.0.147:8080/midonet-api/write_version&quot;,&quot;neutron&quot;:&quot;http://172.17.0.147:8080/midonet-api/neutron&quot;,&quot;bridges&quot;:&quot;http://172.17.0.147:8080/midonet-api/bridges&quot;,&quot;chains&quot;:&quot;http://172.17.0.147:8080/midonet-api/chains&quot;,&quot;portGroups&quot;:&quot;http://172.17.0.147:8080/midonet-api/port_groups&quot;,&quot;loadBalancers&quot;:&quot;http://172.17.0.147:8080/midonet-api/load_balancers&quot;,&quot;ipAddrGroups&quot;:&quot;http://172.17.0.147:8080/midonet-api/ip_addr_groups&quot;,&quot;vteps&quot;:&quot;http://172.17.0.147:8080/midonet-api/vteps&quot;,&quot;adRouteTemplate&quot;:&quot;http://172.17.0.147:8080/midonet-api/ad_routes/{id}&quot;,&quot;bgpTemplate&quot;:&quot;http://172.17.0.147:8080/midonet-api/bgps/{id}&quot;,&quot;bridgeTemplate&quot;:&quot;http://172.17.0.147:8080/midonet-api/bridges/{id}&quot;,&quot;loadBalancerTemplate&quot;:&quot;http://172.17.0.147:8080/midonet-api/load_balancers/{id}&quot;,&quot;poolMemberTemplate&quot;:&quot;http://172.17.0.147:8080/midonet-api/pool_members/{id}&quot;,&quot;chainTemplate&quot;:&quot;http://172.17.0.147:8080/midonet-api/chains/{id}&quot;,&quot;hostTemplate&quot;:&quot;http://172.17.0.147:8080/midonet-api/hosts/{id}&quot;,&quot;portGroupTemplate&quot;:&quot;http://172.17.0.147:8080/midonet-api/port_groups/{id}&quot;,&quot;ipAddrGroupTemplate&quot;:&quot;http://172.17.0.147:8080/midonet-api/ip_addr_groups/{id}&quot;,&quot;routeTemplate&quot;:&quot;http://172.17.0.147:8080/midonet-api/routes/{id}&quot;,&quot;ruleTemplate&quot;:&quot;http://172.17.0.147:8080/midonet-api/rules/{id}&quot;,&quot;tenantTemplate&quot;:&quot;http://172.17.0.147:8080/midonet-api/tenants/{id}&quot;,&quot;tunnelZoneTemplate&quot;:&quot;http://172.17.0.147:8080/midonet-api/tunnel_zones/{id}&quot;,&quot;vtepTemplate&quot;:&quot;http://172.17.0.147:8080/midonet-api/vteps/{ipAddr}&quot;,&quot;hostVersions&quot;:&quot;http://172.17.0.147:8080/midonet-api/versions&quot;,&quot;traceRequests&quot;:&quot;http://172.17.0.147:8080/midonet-api/traces&quot;,&quot;licenses&quot;:null,&quot;licenseTemplate&quot;:null,&quot;licenseStatus&quot;:null,&quot;healthMonitors&quot;:&quot;http://172.17.0.147:8080/midonet-api/health_monitors&quot;,&quot;vips&quot;:&quot;http://172.17.0.147:8080/midonet-api/vips&quot;,&quot;poolMembers&quot;:&quot;http://172.17.0.147:8080/midonet-api/pool_members&quot;,&quot;hosts&quot;:&quot;http://172.17.0.147:8080/midonet-api/hosts&quot;,&quot;pools&quot;:&quot;http://172.17.0.147:8080/midonet-api/pools&quot;,&quot;systemState&quot;:&quot;http://172.17.0.147:8080/midonet-api/system_state&quot;,&quot;tunnelZones&quot;:&quot;http://172.17.0.147:8080/midonet-api/tunnel_zones&quot;,&quot;healthMonitorTemplate&quot;:&quot;http://172.17.0.147:8080/midonet-api/health_monitors/{id}&quot;,&quot;poolTemplate&quot;:&quot;http://172.17.0.147:8080/midonet-api/pools/{id}&quot;,&quot;vipTemplate&quot;:&quot;http://172.17.0.147:8080/midonet-api/vips/{id}&quot;}&#10;2015-07-07 06:45:13,479 api_lib#do_request(62) do_request: uri=http://172.17.0.147:8080/midonet-api/hosts, method=GET&#10;2015-07-07 06:45:13,479 api_lib#do_request(63) do_request: body=None&#10;2015-07-07 06:45:13,480 api_lib#do_request(64) do_request: headers={'Accept': 'application/vnd.org.midonet.collection.Host-v2+json', 'X-Auth-Token': '999888777666'}&#10;2015-07-07 06:45:13,526 api_lib#do_request(79) do_request: response={'status': '200', 'content-length': '1231', 'content-location': u'http://172.17.0.147:8080/midonet-api/hosts', 'access-control-expose-headers': 'Location', 'server': 'Apache-Coyote/1.1', 'date': 'Tue, 07 Jul 2015 06:45:13 GMT', 'access-control-allow-origin': '*', 'access-control-allow-methods': 'GET, POST, PUT, DELETE, OPTIONS', 'content-type': 'application/vnd.org.midonet.collection.Host-v2+json'} | content=[{&quot;id&quot;:&quot;9fc8b29c-db09-49bb-9855-5e0673a8d427&quot;,&quot;name&quot;:&quot;fc54494480eb&quot;,&quot;addresses&quot;:[],&quot;alive&quot;:true,&quot;floodingProxyWeight&quot;:1,&quot;ports&quot;:&quot;http://172.17.0.147:8080/midonet-api/hosts/9fc8b29c-db09-49bb-9855-5e0673a8d427/ports&quot;,&quot;uri&quot;:&quot;http://172.17.0.147:8080/midonet-api/hosts/9fc8b29c-db09-49bb-9855-5e0673a8d427&quot;,&quot;interfaces&quot;:&quot;http://172.17.0.147:8080/midonet-api/hosts/9fc8b29c-db09-49bb-9855-5e0673a8d427/interfaces&quot;},{&quot;id&quot;:&quot;5034a059-5498-4c50-84eb-755a559e1c5e&quot;,&quot;name&quot;:&quot;c22577563ff6&quot;,&quot;addresses&quot;:[],&quot;alive&quot;:true,&quot;floodingProxyWeight&quot;:1,&quot;ports&quot;:&quot;http://172.17.0.147:8080/midonet-api/hosts/5034a059-5498-4c50-84eb-755a559e1c5e/ports&quot;,&quot;uri&quot;:&quot;http://172.17.0.147:8080/midonet-api/hosts/5034a059-5498-4c50-84eb-755a559e1c5e&quot;,&quot;interfaces&quot;:&quot;http://172.17.0.147:8080/midonet-api/hosts/5034a059-5498-4c50-84eb-755a559e1c5e/interfaces&quot;},{&quot;id&quot;:&quot;0a807a1a-3468-482e-baf0-a96f9c136e78&quot;,&quot;name&quot;:&quot;648e7a723653&quot;,&quot;addresses&quot;:[],&quot;alive&quot;:true,&quot;floodingProxyWeight&quot;:1,&quot;ports&quot;:&quot;http://172.17.0.147:8080/midonet-api/hosts/0a807a1a-3468-482e-baf0-a96f9c136e78/ports&quot;,&quot;uri&quot;:&quot;http://172.17.0.147:8080/midonet-api/hosts/0a807a1a-3468-482e-baf0-a96f9c136e78&quot;,&quot;interfaces&quot;:&quot;http://172.17.0.147:8080/midonet-api/hosts/0a807a1a-3468-482e-baf0-a96f9c136e78/interfaces&quot;}]&#10;2015-07-07 06:45:13,527 api_lib#do_request(62) do_request: uri=http://172.17.0.147:8080/midonet-api/ports/fe3b006c-d782-419e-a60e-f8ecef4e8f88, method=GET&#10;2015-07-07 06:45:13,527 api_lib#do_request(63) do_request: body=None&#10;2015-07-07 06:45:13,528 api_lib#do_request(64) do_request: headers={'Content-Type': 'application/vnd.org.midonet.Port-v2+json', 'Accept': 'application/vnd.org.midonet.Port-v2+json', 'X-Auth-Token': '999888777666'}&#10;2015-07-07 06:45:13,535 api_lib#do_request(79) do_request: response={'status': '200', 'content-length': '1087', 'content-location': u'http://172.17.0.147:8080/midonet-api/ports/fe3b006c-d782-419e-a60e-f8ecef4e8f88', 'access-control-expose-headers': 'Location', 'server': 'Apache-Coyote/1.1', 'date': 'Tue, 07 Jul 2015 06:45:13 GMT', 'access-control-allow-origin': '*', 'access-control-allow-methods': 'GET, POST, PUT, DELETE, OPTIONS', 'content-type': 'application/vnd.org.midonet.Port-v2+json'} | content={&quot;type&quot;:&quot;Bridge&quot;,&quot;id&quot;:&quot;fe3b006c-d782-419e-a60e-f8ecef4e8f88&quot;,&quot;adminStateUp&quot;:true,&quot;deviceId&quot;:&quot;88ec3222-95cb-470a-8645-b4e4ffca9731&quot;,&quot;inboundFilterId&quot;:null,&quot;outboundFilterId&quot;:null,&quot;vifId&quot;:null,&quot;hostId&quot;:&quot;9fc8b29c-db09-49bb-9855-5e0673a8d427&quot;,&quot;interfaceName&quot;:&quot;vethef8c20af&quot;,&quot;peerId&quot;:null,&quot;active&quot;:false,&quot;vlanId&quot;:null,&quot;device&quot;:&quot;http://172.17.0.147:8080/midonet-api/bridges/88ec3222-95cb-470a-8645-b4e4ffca9731&quot;,&quot;type&quot;:&quot;Bridge&quot;,&quot;hostInterfacePort&quot;:&quot;http://172.17.0.147:8080/midonet-api/hosts/9fc8b29c-db09-49bb-9855-5e0673a8d427/ports/fe3b006c-d782-419e-a60e-f8ecef4e8f88&quot;,&quot;uri&quot;:&quot;http://172.17.0.147:8080/midonet-api/ports/fe3b006c-d782-419e-a60e-f8ecef4e8f88&quot;,&quot;portGroups&quot;:&quot;http://172.17.0.147:8080/midonet-api/ports/fe3b006c-d782-419e-a60e-f8ecef4e8f88/port_groups&quot;,&quot;peer&quot;:null,&quot;networkAddress&quot;:null,&quot;networkLength&quot;:-1,&quot;portAddress&quot;:null,&quot;portMac&quot;:null,&quot;bgps&quot;:null,&quot;inboundFilter&quot;:null,&quot;outboundFilter&quot;:null,&quot;link&quot;:&quot;http://172.17.0.147:8080/midonet-api/ports/fe3b006c-d782-419e-a60e-f8ecef4e8f88/link&quot;,&quot;host&quot;:&quot;http://172.17.0.147:8080/midonet-api/hosts/9fc8b29c-db09-49bb-9855-5e0673a8d427&quot;}&#10;2015-07-07 06:45:14,536 api_lib#do_request(62) do_request: uri=http://172.17.0.147:8080/midonet-api/ports/fe3b006c-d782-419e-a60e-f8ecef4e8f88, method=GET&#10;2015-07-07 06:45:14,536 api_lib#do_request(63) do_request: body=None&#10;2015-07-07 06:45:14,536 api_lib#do_request(64) do_request: headers={'Content-Type': 'application/vnd.org.midonet.Port-v2+json', 'Accept': 'application/vnd.org.midonet.Port-v2+json', 'X-Auth-Token': '999888777666'}&#10;2015-07-07 06:45:14,542 api_lib#do_request(79) do_request: response={'status': '200', 'content-length': '1086', 'content-location': u'http://172.17.0.147:8080/midonet-api/ports/fe3b006c-d782-419e-a60e-f8ecef4e8f88', 'access-control-expose-headers': 'Location', 'server': 'Apache-Coyote/1.1', 'date': 'Tue, 07 Jul 2015 06:45:14 GMT', 'access-control-allow-origin': '*', 'access-control-allow-methods': 'GET, POST, PUT, DELETE, OPTIONS', 'content-type': 'application/vnd.org.midonet.Port-v2+json'} | content={&quot;type&quot;:&quot;Bridge&quot;,&quot;id&quot;:&quot;fe3b006c-d782-419e-a60e-f8ecef4e8f88&quot;,&quot;adminStateUp&quot;:true,&quot;deviceId&quot;:&quot;88ec3222-95cb-470a-8645-b4e4ffca9731&quot;,&quot;inboundFilterId&quot;:null,&quot;outboundFilterId&quot;:null,&quot;vifId&quot;:null,&quot;hostId&quot;:&quot;9fc8b29c-db09-49bb-9855-5e0673a8d427&quot;,&quot;interfaceName&quot;:&quot;vethef8c20af&quot;,&quot;peerId&quot;:null,&quot;active&quot;:true,&quot;vlanId&quot;:null,&quot;device&quot;:&quot;http://172.17.0.147:8080/midonet-api/bridges/88ec3222-95cb-470a-8645-b4e4ffca9731&quot;,&quot;type&quot;:&quot;Bridge&quot;,&quot;hostInterfacePort&quot;:&quot;http://172.17.0.147:8080/midonet-api/hosts/9fc8b29c-db09-49bb-9855-5e0673a8d427/ports/fe3b006c-d782-419e-a60e-f8ecef4e8f88&quot;,&quot;uri&quot;:&quot;http://172.17.0.147:8080/midonet-api/ports/fe3b006c-d782-419e-a60e-f8ecef4e8f88&quot;,&quot;portGroups&quot;:&quot;http://172.17.0.147:8080/midonet-api/ports/fe3b006c-d782-419e-a60e-f8ecef4e8f88/port_groups&quot;,&quot;peer&quot;:null,&quot;networkAddress&quot;:null,&quot;networkLength&quot;:-1,&quot;portAddress&quot;:null,&quot;portMac&quot;:null,&quot;bgps&quot;:null,&quot;inboundFilter&quot;:null,&quot;outboundFilter&quot;:null,&quot;link&quot;:&quot;http://172.17.0.147:8080/midonet-api/ports/fe3b006c-d782-419e-a60e-f8ecef4e8f88/link&quot;,&quot;host&quot;:&quot;http://172.17.0.147:8080/midonet-api/hosts/9fc8b29c-db09-49bb-9855-5e0673a8d427&quot;}&#10;2015-07-07 06:45:14,548 connectionpo
[...]
0/midonet-api/hosts/9fc8b29c-db09-49bb-9855-5e0673a8d427/interfaces"},{"id":"5034a059-5498-4c50-84eb-755a559e1c5e","name":"c22577563ff6","addresses":[],"alive":true,"floodingProxyWeight":1,"ports":"http://172.17.0.147:8080/midonet-api/hosts/5034a059-5498-4c50-84eb-755a559e1c5e/ports","uri":"http://172.17.0.147:8080/midonet-api/hosts/5034a059-5498-4c50-84eb-755a559e1c5e","interfaces":"http://172.17.0.147:8080/midonet-api/hosts/5034a059-5498-4c50-84eb-755a559e1c5e/interfaces"},{"id":"0a807a1a-3468-482e-baf0-a96f9c136e78","name":"648e7a723653","addresses":[],"alive":true,"floodingProxyWeight":1,"ports":"http://172.17.0.147:8080/midonet-api/hosts/0a807a1a-3468-482e-baf0-a96f9c136e78/ports","uri":"http://172.17.0.147:8080/midonet-api/hosts/0a807a1a-3468-482e-baf0-a96f9c136e78","interfaces":"http://172.17.0.147:8080/midonet-api/hosts/0a807a1a-3468-482e-baf0-a96f9c136e78/interfaces"}]\n2015-07-07 06:45:15,241 api_lib#do_request(62) do_request: uri=http://172.17.0.147:8080/midonet-api/hosts/0a807a1a-3468-482e-baf0-a96f9c136e78, method=GET\n2015-07-07 06:45:15,241 api_lib#do_request(63) do_request: body=None\n2015-07-07 06:45:15,242 api_lib#do_request(64) do_request: headers={\'Content-Type\': \'application/vnd.org.midonet.Host-v2+json\', \'Accept\': \'application/vnd.org.midonet.Host-v2+json\', \'X-Auth-Token\': \'999888777666\'}\n2015-07-07 06:45:15,249 api_lib#do_request(79) do_request: response={\'status\': \'200\', \'content-length\': \'409\', \'content-location\': u\'http://172.17.0.147:8080/midonet-api/hosts/0a807a1a-3468-482e-baf0-a96f9c136e78\', \'access-control-expose-headers\': \'Location\', \'server\': \'Apache-Coyote/1.1\', \'date\': \'Tue, 07 Jul 2015 06:45:14 GMT\', \'access-control-allow-origin\': \'*\', \'access-control-allow-methods\': \'GET, POST, PUT, DELETE, OPTIONS\', \'content-type\': \'application/vnd.org.midonet.Host-v2+json\'} | content={"id":"0a807a1a-3468-482e-baf0-a96f9c136e78","name":"648e7a723653","addresses":[],"alive":true,"floodingProxyWeight":1,"ports":"http://172.17.0.147:8080/midonet-api/hosts/0a807a1a-3468-482e-baf0-a96f9c136e78/ports","uri":"http://172.17.0.147:8080/midonet-api/hosts/0a807a1a-3468-482e-baf0-a96f9c136e78","interfaces":"http://172.17.0.147:8080/midonet-api/hosts/0a807a1a-3468-482e-baf0-a96f9c136e78/interfaces"}\n2015-07-07 06:45:15,249 api_lib#do_request(62) do_request: uri=http://172.17.0.147:8080/midonet-api/hosts/0a807a1a-3468-482e-baf0-a96f9c136e78/ports, method=POST\n2015-07-07 06:45:15,249 api_lib#do_request(63) do_request: body={\'portId\': u\'1cba92b6-e7dd-42b2-8b60-e847ac74f247\', \'interfaceName\': \'veth100ec0df\'}\n2015-07-07 06:45:15,249 api_lib#do_request(64) do_request: headers={\'Content-Type\': \'application/vnd.org.midonet.HostInterfacePort-v1+json\', \'X-Auth-Token\': \'999888777666\'}\n2015-07-07 06:45:15,272 api_lib#do_request(79) do_request: response={\'status\': \'201\', \'content-length\': \'0\', \'access-control-expose-headers\': \'Location\', \'server\': \'Apache-Coyote/1.1\', \'location\': \'http://172.17.0.147:8080/midonet-api/hosts/0a807a1a-3468-482e-baf0-a96f9c136e78/ports/1cba92b6-e7dd-42b2-8b60-e847ac74f247\', \'date\': \'Tue, 07 Jul 2015 06:45:14 GMT\', \'access-control-allow-origin\': \'*\', \'access-control-allow-methods\': \'GET, POST, PUT, DELETE, OPTIONS\'} | content=\n2015-07-07 06:45:15,272 api_lib#do_request(62) do_request: uri=http://172.17.0.147:8080/midonet-api/hosts/0a807a1a-3468-482e-baf0-a96f9c136e78/ports/1cba92b6-e7dd-42b2-8b60-e847ac74f247, method=GET\n2015-07-07 06:45:15,272 api_lib#do_request(63) do_request: body=None\n2015-07-07 06:45:15,273 api_lib#do_request(64) do_request: headers={\'Content-Type\': \'application/vnd.org.midonet.HostInterfacePort-v1+json\', \'Accept\': \'application/vnd.org.midonet.HostInterfacePort-v1+json\', \'X-Auth-Token\': \'999888777666\'}\n2015-07-07 06:45:15,286 api_lib#do_request(79) do_request: response={\'status\': \'200\', \'content-length\': \'437\', \'content-location\': \'http://172.17.0.147:8080/midonet-api/hosts/0a807a1a-3468-482e-baf0-a96f9c136e78/ports/1cba92b6-e7dd-42b2-8b60-e847ac74f247\', \'access-control-expose-headers\': \'Location\', \'server\': \'Apache-Coyote/1.1\', \'date\': \'Tue, 07 Jul 2015 06:45:14 GMT\', \'access-control-allow-origin\': \'*\', \'access-control-allow-methods\': \'GET, POST, PUT, DELETE, OPTIONS\', \'content-type\': \'application/vnd.org.midonet.HostInterfacePort-v1+json\'} | content={"hostId":"0a807a1a-3468-482e-baf0-a96f9c136e78","portId":"1cba92b6-e7dd-42b2-8b60-e847ac74f247","interfaceName":"veth100ec0df","uri":"http://172.17.0.147:8080/midonet-api/hosts/0a807a1a-3468-482e-baf0-a96f9c136e78/ports/1cba92b6-e7dd-42b2-8b60-e847ac74f247","host":"http://172.17.0.147:8080/midonet-api/hosts/0a807a1a-3468-482e-baf0-a96f9c136e78","port":"http://172.17.0.147:8080/midonet-api/ports/1cba92b6-e7dd-42b2-8b60-e847ac74f247"}\n2015-07-07 06:45:15,287 api_lib#do_request(62) do_request: uri=http://172.17.0.147:8080/midonet-api, method=GET\n2015-07-07 06:45:15,288 api_lib#do_request(63) do_request: body=None\n2015-07-07 06:45:15,288 api_lib#do_request(64) do_request: headers={\'Accept\': \'application/vnd.org.midonet.Application-v5+json\', \'X-Auth-Token\': \'999888777666\'}\n2015-07-07 06:45:15,297 api_lib#do_request(79) do_request: response={\'status\': \'200\', \'content-length\': \'2683\', \'content-location\': \'http://172.17.0.147:8080/midonet-api/\', \'access-control-expose-headers\': \'Location\', \'server\': \'Apache-Coyote/1.1\', \'date\': \'Tue, 07 Jul 2015 06:45:14 GMT\', \'access-control-allow-origin\': \'*\', \'access-control-allow-methods\': \'GET, POST, PUT, DELETE, OPTIONS\', \'content-type\': \'application/vnd.org.midonet.Application-v5+json\'} | content={"version":"v1.9","ports":"http://172.17.0.147:8080/midonet-api/ports","portTemplate":"http://172.17.0.147:8080/midonet-api/ports/{id}","uri":"http://172.17.0.147:8080/midonet-api/","routers":"http://172.17.0.147:8080/midonet-api/routers","routerTemplate":"http://172.17.0.147:8080/midonet-api/routers/{id}","tenants":"http://172.17.0.147:8080/midonet-api/tenants","writeVersion":"http://172.17.0.147:8080/midonet-api/write_version","neutron":"http://172.17.0.147:8080/midonet-api/neutron","bridges":"http://172.17.0.147:8080/midonet-api/bridges","chains":"http://172.17.0.147:8080/midonet-api/chains","portGroups":"http://172.17.0.147:8080/midonet-api/port_groups","loadBalancers":"http://172.17.0.147:8080/midonet-api/load_balancers","ipAddrGroups":"http://172.17.0.147:8080/midonet-api/ip_addr_groups","vteps":"http://172.17.0.147:8080/midonet-api/vteps","adRouteTemplate":"http://172.17.0.147:8080/midonet-api/ad_routes/{id}","bgpTemplate":"http://172.17.0.147:8080/midonet-api/bgps/{id}","bridgeTemplate":"http://172.17.0.147:8080/midonet-api/bridges/{id}","loadBalancerTemplate":"http://172.17.0.147:8080/midonet-api/load_balancers/{id}","poolMemberTemplate":"http://172.17.0.147:8080/midonet-api/pool_members/{id}","chainTemplate":"http://172.17.0.147:8080/midonet-api/chains/{id}","hostTemplate":"http://172.17.0.147:8080/midonet-api/hosts/{id}","portGroupTemplate":"http://172.17.0.147:8080/midonet-api/port_groups/{id}","ipAddrGroupTemplate":"http://172.17.0.147:8080/midonet-api/ip_addr_groups/{id}","routeTemplate":"http://172.17.0.147:8080/midonet-api/routes/{id}","ruleTemplate":"http://172.17.0.147:8080/midonet-api/rules/{id}","tenantTemplate":"http://172.17.0.147:8080/midonet-api/tenants/{id}","tunnelZoneTemplate":"http://172.17.0.147:8080/midonet-api/tunnel_zones/{id}","vtepTemplate":"http://172.17.0.147:8080/midonet-api/vteps/{ipAddr}","hostVersions":"http://172.17.0.147:8080/midonet-api/versions","traceRequests":"http://172.17.0.147:8080/midonet-api/traces","licenses":null,"licenseTemplate":null,"licenseStatus":null,"healthMonitors":"http://172.17.0.147:8080/midonet-api/health_monitors","vips":"http://172.17.0.147:8080/midonet-api/vips","poolMembers":"http://172.17.0.147:8080/midonet-api/pool_members","hosts":"http://172.17.0.147:8080/midonet-api/hosts","pools":"http://172.17.0.147:8080/midonet-api/pools","systemState":"http://172.17.0.147:8080/midonet-api/system_state","tunnelZones":"http://172.17.0.147:8080/midonet-api/tunnel_zones","healthMonitorTemplate":"http://172.17.0.147:8080/midonet-api/health_monitors/{id}","poolTemplate":"http://172.17.0.147:8080/midonet-api/pools/{id}","vipTemplate":"http://172.17.0.147:8080/midonet-api/vips/{id}"}\n2015-07-07 06:45:15,298 api_lib#do_request(62) do_request: uri=http://172.17.0.147:8080/midonet-api/hosts, method=GET\n2015-07-07 06:45:15,298 api_lib#do_request(63) do_request: body=None\n2015-07-07 06:45:15,299 api_lib#do_request(64) do_request: headers={\'Accept\': \'application/vnd.org.midonet.collection.Host-v2+json\', \'X-Auth-Token\': \'999888777666\'}\n2015-07-07 06:45:15,319 api_lib#do_request(79) do_request: response={\'status\': \'200\', \'content-length\': \'1231\', \'content-location\': u\'http://172.17.0.147:8080/midonet-api/hosts\', \'access-control-expose-headers\': \'Location\', \'server\': \'Apache-Coyote/1.1\', \'date\': \'Tue, 07 Jul 2015 06:45:14 GMT\', \'access-control-allow-origin\': \'*\', \'access-control-allow-methods\': \'GET, POST, PUT, DELETE, OPTIONS\', \'content-type\': \'application/vnd.org.midonet.collection.Host-v2+json\'} | content=[{"id":"9fc8b29c-db09-49bb-9855-5e0673a8d427","name":"fc54494480eb","addresses":[],"alive":true,"floodingProxyWeight":1,"ports":"http://172.17.0.147:8080/midonet-api/hosts/9fc8b29c-db09-49bb-9855-5e0673a8d427/ports","uri":"http://172.17.0.147:8080/midonet-api/hosts/9fc8b29c-db09-49bb-9855-5e0673a8d427","interfaces":"http://172.17.0.147:8080/midonet-api/hosts/9fc8b29c-db09-49bb-9855-5e0673a8d427/interfaces"},{"id":"5034a059-5498-4c50-84eb-755a559e1c5e","name":"c22577563ff6","addresses":[],"alive":true,"floodingProxyWeight":1,"ports":"http://172.17.0.147:8080/midonet-api/hosts/5034a059-5498-4c50-84eb-755a559e1c5e/ports","uri":"http://172.17.0.147:8080/midonet-api/hosts/5034a059-5498-4c50-84eb-755a559e1c5e","interfaces":"http://172.17.0.147:8080/midonet-api/hosts/5034a059-5498-4c50-84eb-755a559e1c5e/interfaces"},{"id":"0a807a1a-3468-482e-baf0-a96f9c136e78","name":"648e7a723653","addresses":[],"alive":true,"floodingProxyWeight":1,"ports":"http://172.17.0.147:8080/midonet-api/hosts/0a807a1a-3468-482e-baf0-a96f9c136e78/ports","uri":"http://172.17.0.147:8080/midonet-api/hosts/0a807a1a-3468-482e-baf0-a96f9c136e78","interfaces":"http://172.17.0.147:8080/midonet-api/hosts/0a807a1a-3468-482e-baf0-a96f9c136e78/interfaces"}]\n2015-07-07 06:45:15,319 api_lib#do_request(62) do_request: uri=http://172.17.0.147:8080/midonet-api/ports/1cba92b6-e7dd-42b2-8b60-e847ac74f247, method=GET\n2015-07-07 06:45:15,319 api_lib#do_request(63) do_request: body=None\n2015-07-07 06:45:15,319 api_lib#do_request(64) do_request: headers={\'Content-Type\': \'application/vnd.org.midonet.Port-v2+json\', \'Accept\': \'application/vnd.org.midonet.Port-v2+json\', \'X-Auth-Token\': \'999888777666\'}\n2015-07-07 06:45:15,341 api_lib#do_request(79) do_request: response={\'status\': \'200\', \'content-length\': \'1087\', \'content-location\': u\'http://172.17.0.147:8080/midonet-api/ports/1cba92b6-e7dd-42b2-8b60-e847ac74f247\', \'access-control-expose-headers\': \'Location\', \'server\': \'Apache-Coyote/1.1\', \'date\': \'Tue, 07 Jul 2015 06:45:14 GMT\', \'access-control-allow-origin\': \'*\', \'access-control-allow-methods\': \'GET, POST, PUT, DELETE, OPTIONS\', \'content-type\': \'application/vnd.org.midonet.Port-v2+json\'} | content={"type":"Bridge","id":"1cba92b6-e7dd-42b2-8b60-e847ac74f247","adminStateUp":true,"deviceId":"8f32a769-29d8-4474-b600-3c9190f8e142","inboundFilterId":null,"outboundFilterId":null,"vifId":null,"hostId":"0a807a1a-3468-482e-baf0-a96f9c136e78","interfaceName":"veth100ec0df","peerId":null,"active":false,"vlanId":null,"device":"http://172.17.0.147:8080/midonet-api/bridges/8f32a769-29d8-4474-b600-3c9190f8e142","type":"Bridge","hostInterfacePort":"http://172.17.0.147:8080/midonet-api/hosts/0a807a1a-3468-482e-baf0-a96f9c136e78/ports/1cba92b6-e7dd-42b2-8b60-e847ac74f247","uri":"http://172.17.0.147:8080/midonet-api/ports/1cba92b6-e7dd-42b2-8b60-e847ac74f247","portGroups":"http://172.17.0.147:8080/midonet-api/ports/1cba92b6-e7dd-42b2-8b60-e847ac74f247/port_groups","peer":null,"networkAddress":null,"networkLength":-1,"portAddress":null,"portMac":null,"bgps":null,"inboundFilter":null,"outboundFilter":null,"link":"http://172.17.0.147:8080/midonet-api/ports/1cba92b6-e7dd-42b2-8b60-e847ac74f247/link","host":"http://172.17.0.147:8080/midonet-api/hosts/0a807a1a-3468-482e-baf0-a96f9c136e78"}\n2015-07-07 06:45:16,342 api_lib#do_request(62) do_request: uri=http://172.17.0.147:8080/midonet-api/ports/1cba92b6-e7dd-42b2-8b60-e847ac74f247, method=GET\n2015-07-07 06:45:16,342 api_lib#do_request(63) do_request: body=None\n2015-07-07 06:45:16,342 api_lib#do_request(64) do_request: headers={\'Content-Type\': \'application/vnd.org.midonet.Port-v2+json\', \'Accept\': \'application/vnd.org.midonet.Port-v2+json\', \'X-Auth-Token\': \'999888777666\'}\n2015-07-07 06:45:16,349 api_lib#do_request(79) do_request: response={\'status\': \'200\', \'content-length\': \'1086\', \'content-location\': u\'http://172.17.0.147:8080/midonet-api/ports/1cba92b6-e7dd-42b2-8b60-e847ac74f247\', \'access-control-expose-headers\': \'Location\', \'server\': \'Apache-Coyote/1.1\', \'date\': \'Tue, 07 Jul 2015 06:45:16 GMT\', \'access-control-allow-origin\': \'*\', \'access-control-allow-methods\': \'GET, POST, PUT, DELETE, OPTIONS\', \'content-type\': \'application/vnd.org.midonet.Port-v2+json\'} | content={"type":"Bridge","id":"1cba92b6-e7dd-42b2-8b60-e847ac74f247","adminStateUp":true,"deviceId":"8f32a769-29d8-4474-b600-3c9190f8e142","inboundFilterId":null,"outboundFilterId":null,"vifId":null,"hostId":"0a807a1a-3468-482e-baf0-a96f9c136e78","interfaceName":"veth100ec0df","peerId":null,"active":true,"vlanId":null,"device":"http://172.17.0.147:8080/midonet-api/bridges/8f32a769-29d8-4474-b600-3c9190f8e142","type":"Bridge","hostInterfacePort":"http://172.17.0.147:8080/midonet-api/hosts/0a807a1a-3468-482e-baf0-a96f9c136e78/ports/1cba92b6-e7dd-42b2-8b60-e847ac74f247","uri":"http://172.17.0.147:8080/midonet-api/ports/1cba92b6-e7dd-42b2-8b60-e847ac74f247","portGroups":"http://172.17.0.147:8080/midonet-api/ports/1cba92b6-e7dd-42b2-8b60-e847ac74f247/port_groups","peer":null,"networkAddress":null,"networkLength":-1,"portAddress":null,"portMac":null,"bgps":null,"inboundFilter":null,"outboundFilter":null,"link":"http://172.17.0.147:8080/midonet-api/ports/1cba92b6-e7dd-42b2-8b60-e847ac74f247/link","host":"http://172.17.0.147:8080/midonet-api/hosts/0a807a1a-3468-482e-baf0-a96f9c136e78"}\n2015-07-07 06:45:17,350 service#exec_command(111) [midonet-agent-2] executing command: sh -c "ip netns exec vm100ec0df timeout 2 tcpdump -n -l -i peth100ec0df -c 1 dst host 172.16.2.2 and icmp"\n2015-07-07 06:45:17,353 connectionpool#_make_request(383) "POST /v1.18/containers/midonet-agent-2/exec HTTP/1.1" 201 74\n2015-07-07 06:45:17,359 connectionpool#_make_request(383) "POST /v1.18/exec/acd18c334c42b5082510b4063d57fd5ab69076b4d4e5e78003cd0268c86a92ff/start HTTP/1.1" 200 None\n2015-07-07 06:45:17,367 asserts#async_assert_that(107) Scheduled tcpdump on interface peth100ec0df on vm: vm100ec0df\n2015-07-07 06:45:17,389 connectionpool#_make_request(383) "GET /v1.18/exec/acd18c334c42b5082510b4063d57fd5ab69076b4d4e5e78003cd0268c86a92ff/json HTTP/1.1" 200 None\n2015-07-07 06:45:17,390 service#_ensure_command_running(144) Command started\n2015-07-07 06:45:17,391 vmguest#do_expect(101) running tcp dump=tcpdump -n -l -i peth100ec0df -c 1 dst host 172.16.2.2 and icmp\n2015-07-07 06:45:17,392 asserts#async_assert_that(110) Assert ready on interface peth100ec0df on vm vm100ec0df\n2015-07-07 06:45:17,392 service#exec_command(111) [midonet-agent-1] executing command: sh -c "ip netns exec vmef8c20af ping -i 0.5 -c 1 -s 56 172.16.2.2"\n2015-07-07 06:45:17,397 connectionpool#_make_request(383) "POST /v1.18/containers/midonet-agent-1/exec HTTP/1.1" 201 74\n2015-07-07 06:45:17,394 vmguest#do_expect(106) tcp dump running OK\n2015-07-07 06:45:17,400 vmguest#do_expect(108) Gathering results from stream of tcpdump -n -l -i peth100ec0df -c 1 dst host 172.16.2.2 and icmp...\n2015-07-07 06:45:17,405 connectionpool#_make_request(383) "POST /v1.18/exec/b58f6f7e7d5eb4590d777e08640b27b149a0d70ce64bfa56d1551dafae12e1e8/start HTTP/1.1" 200 None\n2015-07-07 06:45:17,427 connectionpool#_make_request(383) "GET /v1.18/exec/b58f6f7e7d5eb4590d777e08640b27b149a0d70ce64bfa56d1551dafae12e1e8/json HTTP/1.1" 200 None\n2015-07-07 06:45:17,427 service#_ensure_command_running(144) Command started\n2015-07-07 06:45:18,390 vmguest#do_expect(112) Result is: 06:45:17.443296 IP 172.16.1.1 > 172.16.2.2: ICMP echo request, id 28399, seq 1, length 64\n2015-07-07 06:45:18,394 connectionpool#_make_request(383) "GET /v1.18/exec/acd18c334c42b5082510b4063d57fd5ab69076b4d4e5e78003cd0268c86a92ff/json HTTP/1.1" 200 None\n2015-07-07 06:45:18,401 connectionpool#_make_request(383) "GET /v1.18/exec/acd18c334c42b5082510b4063d57fd5ab69076b4d4e5e78003cd0268c86a92ff/json HTTP/1.1" 200 None\n2015-07-07 06:45:18,402 connectionpool#_make_request(383) "GET /v1.18/exec/acd18c334c42b5082510b4063d57fd5ab69076b4d4e5e78003cd0268c86a92ff/json HTTP/1.1" 200 None\n2015-07-07 06:45:18,404 service#check_exit_status(168) Command sh -c ip netns exec vm100ec0df timeout 2 tcpdump -n -l -i peth100ec0df -c 1 dst host 172.16.2.2 and icmp succeeded\n2015-07-07 06:45:18,405 vmguest#do_expect(129) tcpdump -n -l -i peth100ec0df -c 1 dst host 172.16.2.2 and icmp return_code = 0 output = \'06:45:17.443296 IP 172.16.1.1 > 172.16.2.2: ICMP echo request, id 28399, seq 1, length 64\\n\'\n2015-07-07 06:45:18,408 service#exec_command(111) [midonet-agent-2] executing command: sh -c "ip netns exec vm100ec0df ip addr ls dev peth100ec0df | grep link | awk \'{print $2}\'"\n2015-07-07 06:45:18,413 connectionpool#_make_request(383) "POST /v1.18/containers/midonet-agent-2/exec HTTP/1.1" 201 74\n2015-07-07 06:45:18,420 connectionpool#_make_request(383) "POST /v1.18/exec/5226ecd73ad32fbb46c91e28ca807daf1b91a310977c8306bcca7a9fb4c2007a/start HTTP/1.1" 200 None\n2015-07-07 06:45:18,447 service#exec_command(128) [midonet-agent-2] result = aa:bb:cc:00:02:02\n2015-07-07 06:45:18,447 interface#get_mac_addr(307) Infered mac_addr = aa:bb:cc:00:02:02\n2015-07-07 06:45:18,447 asserts#_matches(44) [[iface=\'peth100ec0df\', vport_id=u\'1cba92b6-e7dd-42b2-8b60-e847ac74f247\', mac_addr=\'aa:bb:cc:00:02:02\']] Result = True / Expected = False\n2015-07-07 06:45:18,447 service#exec_command(111) [midonet-agent-2] executing command: sh -c "ip netns exec vm100ec0df ip addr ls dev peth100ec0df | grep link | awk \'{print $2}\'"\n2015-07-07 06:45:18,450 connectionpool#_make_request(383) "POST /v1.18/containers/midonet-agent-2/exec HTTP/1.1" 201 74\n2015-07-07 06:45:18,458 connectionpool#_make_request(383) "POST /v1.18/exec/2413cf57e10aba48e525b36106fb8a75d0defdc2dd45d245cb7f99da9b86248d/start HTTP/1.1" 200 None\n2015-07-07 06:45:18,484 service#exec_command(128) [midonet-agent-2] result = aa:bb:cc:00:02:02\n2015-07-07 06:45:18,484 interface#get_mac_addr(307) Infered mac_addr = aa:bb:cc:00:02:02\n2015-07-07 06:45:18,484 service#exec_command(111) [midonet-agent-2] executing command: sh -c "ip netns exec vm100ec0df ip addr ls dev peth100ec0df | grep link | awk \'{print $2}\'"\n2015-07-07 06:45:18,488 connectionpool#_make_request(383) "POST /v1.18/containers/midonet-agent-2/exec HTTP/1.1" 201 74\n2015-07-07 06:45:18,494 connectionpool#_make_request(383) "POST /v1.18/exec/907a2fc79c60082f2a4c9686437ee401bc24b511368236481bd495ec08167368/start HTTP/1.1" 200 None\n2015-07-07 06:45:18,519 service#exec_command(128) [midonet-agent-2] result = aa:bb:cc:00:02:02\n2015-07-07 06:45:18,519 interface#get_mac_addr(307) Infered mac_addr = aa:bb:cc:00:02:02\n--------------------- >> end captured logging << ---------------------']]></failure></testcase></testsuite>